{"uid":"26ceb5e5a98c88f4","name":"T0101","fullName":"org.sentinel.tests.ui.spreecom.LoginTest.T0101","historyId":"cce06540b908c2ddfcb92e5a6799a178","time":{"start":1743878031921,"stop":1743878036616,"duration":4695},"description":"Verify login page.","descriptionHtml":"<p>Verify login page.</p>\n","status":"failed","statusMessage":"Test failed with multiple assertion errors. Check logs for details. [Assertion Failed: Step 3: Email field is not displayed., Assertion Failed: Step 5: Remember Me Checkbox field is not displayed.]","statusTrace":"java.lang.AssertionError: Test failed with multiple assertion errors. Check logs for details. [Assertion Failed: Step 3: Email field is not displayed., Assertion Failed: Step 5: Remember Me Checkbox field is not displayed.]\r\n\tat org.sentinel.tests.utils.testng.AssertLog.assertAllWithLog(AssertLog.java:227)\r\n\tat org.sentinel.tests.ui.spreecom.LoginTest.T0101(LoginTest.java:96)\r\n\tat java.base/jdk.internal.reflect.NativeMethodAccessorImpl.invoke0(Native Method)\r\n\tat java.base/jdk.internal.reflect.NativeMethodAccessorImpl.invoke(NativeMethodAccessorImpl.java:77)\r\n\tat java.base/jdk.internal.reflect.DelegatingMethodAccessorImpl.invoke(DelegatingMethodAccessorImpl.java:43)\r\n\tat java.base/java.lang.reflect.Method.invoke(Method.java:569)\r\n\tat org.testng.internal.invokers.MethodInvocationHelper.invokeMethod(MethodInvocationHelper.java:141)\r\n\tat org.testng.internal.invokers.TestInvoker.invokeMethod(TestInvoker.java:686)\r\n\tat org.testng.internal.invokers.TestInvoker.retryFailed(TestInvoker.java:269)\r\n\tat org.testng.internal.invokers.MethodRunner.runInSequence(MethodRunner.java:76)\r\n\tat org.testng.internal.invokers.TestInvoker$MethodInvocationAgent.invoke(TestInvoker.java:992)\r\n\tat org.testng.internal.invokers.TestInvoker.invokeTestMethods(TestInvoker.java:203)\r\n\tat org.testng.internal.invokers.TestMethodWorker.invokeTestMethods(TestMethodWorker.java:154)\r\n\tat org.testng.internal.invokers.TestMethodWorker.run(TestMethodWorker.java:134)\r\n\tat java.base/java.util.ArrayList.forEach(ArrayList.java:1511)\r\n\tat org.testng.TestRunner.privateRun(TestRunner.java:739)\r\n\tat org.testng.TestRunner.run(TestRunner.java:614)\r\n\tat org.testng.SuiteRunner.runTest(SuiteRunner.java:421)\r\n\tat org.testng.SuiteRunner.runSequentially(SuiteRunner.java:413)\r\n\tat org.testng.SuiteRunner.privateRun(SuiteRunner.java:373)\r\n\tat org.testng.SuiteRunner.run(SuiteRunner.java:312)\r\n\tat org.testng.SuiteRunnerWorker.runSuite(SuiteRunnerWorker.java:52)\r\n\tat org.testng.SuiteRunnerWorker.run(SuiteRunnerWorker.java:95)\r\n\tat org.testng.TestNG.runSuitesSequentially(TestNG.java:1274)\r\n\tat org.testng.TestNG.runSuitesLocally(TestNG.java:1208)\r\n\tat org.testng.TestNG.runSuites(TestNG.java:1112)\r\n\tat org.testng.TestNG.run(TestNG.java:1079)\r\n\tat org.apache.maven.surefire.testng.TestNGExecutor.run(TestNGExecutor.java:284)\r\n\tat org.apache.maven.surefire.testng.TestNGXmlTestSuite.execute(TestNGXmlTestSuite.java:75)\r\n\tat org.apache.maven.surefire.testng.TestNGProvider.invoke(TestNGProvider.java:119)\r\n\tat org.apache.maven.surefire.booter.ForkedBooter.runSuitesInProcess(ForkedBooter.java:428)\r\n\tat org.apache.maven.surefire.booter.ForkedBooter.execute(ForkedBooter.java:162)\r\n\tat org.apache.maven.surefire.booter.ForkedBooter.run(ForkedBooter.java:562)\r\n\tat org.apache.maven.surefire.booter.ForkedBooter.main(ForkedBooter.java:548)\r\n","flaky":false,"newFailed":false,"newBroken":false,"newPassed":false,"retriesCount":1,"retriesStatusChange":true,"beforeStages":[{"name":"setUpEnv","time":{"start":1743877979427,"stop":1743877979427,"duration":0},"description":"","status":"passed","steps":[{"name":"Parameter Loading.....","time":{"start":1743877979427,"stop":1743877979427,"duration":0},"status":"passed","steps":[],"attachments":[],"parameters":[],"stepsCount":0,"hasContent":false,"attachmentStep":false,"shouldDisplayMessage":false,"attachmentsCount":0},{"name":"Parameter Completed.....","time":{"start":1743877979427,"stop":1743877979427,"duration":0},"status":"passed","steps":[],"attachments":[],"parameters":[],"stepsCount":0,"hasContent":false,"attachmentStep":false,"shouldDisplayMessage":false,"attachmentsCount":0}],"attachments":[],"parameters":[],"stepsCount":2,"hasContent":true,"attachmentStep":false,"shouldDisplayMessage":false,"attachmentsCount":0},{"name":"tearUp","time":{"start":1743878023547,"stop":1743878031906,"duration":8359},"description":"","status":"passed","steps":[{"name":"Doing setup for remote runs.","time":{"start":1743878023547,"stop":1743878023547,"duration":0},"status":"passed","steps":[],"attachments":[],"parameters":[],"stepsCount":0,"hasContent":false,"attachmentStep":false,"shouldDisplayMessage":false,"attachmentsCount":0},{"name":"Launching Remote Instance.","time":{"start":1743878023547,"stop":1743878023547,"duration":0},"status":"passed","steps":[],"attachments":[],"parameters":[],"stepsCount":0,"hasContent":false,"attachmentStep":false,"shouldDisplayMessage":false,"attachmentsCount":0},{"name":"Remote browser opening with : %sCapabilities {browserName: Chrome, name: Windows 10 - Chrome - lates..., platform: Windows 10, version: latest}","time":{"start":1743878023547,"stop":1743878023547,"duration":0},"status":"passed","steps":[],"attachments":[],"parameters":[],"stepsCount":0,"hasContent":false,"attachmentStep":false,"shouldDisplayMessage":false,"attachmentsCount":0},{"name":"Session Id: f9bf251da5b01a5968af4b8364c335d1","time":{"start":1743878031728,"stop":1743878031728,"duration":0},"status":"passed","steps":[],"attachments":[],"parameters":[],"stepsCount":0,"hasContent":false,"attachmentStep":false,"shouldDisplayMessage":false,"attachmentsCount":0}],"attachments":[],"parameters":[],"stepsCount":4,"hasContent":true,"attachmentStep":false,"shouldDisplayMessage":false,"attachmentsCount":0}],"testStage":{"description":"Verify login page.","status":"failed","statusMessage":"Test failed with multiple assertion errors. Check logs for details. [Assertion Failed: Step 3: Email field is not displayed., Assertion Failed: Step 5: Remember Me Checkbox field is not displayed.]","statusTrace":"java.lang.AssertionError: Test failed with multiple assertion errors. Check logs for details. [Assertion Failed: Step 3: Email field is not displayed., Assertion Failed: Step 5: Remember Me Checkbox field is not displayed.]\r\n\tat org.sentinel.tests.utils.testng.AssertLog.assertAllWithLog(AssertLog.java:227)\r\n\tat org.sentinel.tests.ui.spreecom.LoginTest.T0101(LoginTest.java:96)\r\n\tat java.base/jdk.internal.reflect.NativeMethodAccessorImpl.invoke0(Native Method)\r\n\tat java.base/jdk.internal.reflect.NativeMethodAccessorImpl.invoke(NativeMethodAccessorImpl.java:77)\r\n\tat java.base/jdk.internal.reflect.DelegatingMethodAccessorImpl.invoke(DelegatingMethodAccessorImpl.java:43)\r\n\tat java.base/java.lang.reflect.Method.invoke(Method.java:569)\r\n\tat org.testng.internal.invokers.MethodInvocationHelper.invokeMethod(MethodInvocationHelper.java:141)\r\n\tat org.testng.internal.invokers.TestInvoker.invokeMethod(TestInvoker.java:686)\r\n\tat org.testng.internal.invokers.TestInvoker.retryFailed(TestInvoker.java:269)\r\n\tat org.testng.internal.invokers.MethodRunner.runInSequence(MethodRunner.java:76)\r\n\tat org.testng.internal.invokers.TestInvoker$MethodInvocationAgent.invoke(TestInvoker.java:992)\r\n\tat org.testng.internal.invokers.TestInvoker.invokeTestMethods(TestInvoker.java:203)\r\n\tat org.testng.internal.invokers.TestMethodWorker.invokeTestMethods(TestMethodWorker.java:154)\r\n\tat org.testng.internal.invokers.TestMethodWorker.run(TestMethodWorker.java:134)\r\n\tat java.base/java.util.ArrayList.forEach(ArrayList.java:1511)\r\n\tat org.testng.TestRunner.privateRun(TestRunner.java:739)\r\n\tat org.testng.TestRunner.run(TestRunner.java:614)\r\n\tat org.testng.SuiteRunner.runTest(SuiteRunner.java:421)\r\n\tat org.testng.SuiteRunner.runSequentially(SuiteRunner.java:413)\r\n\tat org.testng.SuiteRunner.privateRun(SuiteRunner.java:373)\r\n\tat org.testng.SuiteRunner.run(SuiteRunner.java:312)\r\n\tat org.testng.SuiteRunnerWorker.runSuite(SuiteRunnerWorker.java:52)\r\n\tat org.testng.SuiteRunnerWorker.run(SuiteRunnerWorker.java:95)\r\n\tat org.testng.TestNG.runSuitesSequentially(TestNG.java:1274)\r\n\tat org.testng.TestNG.runSuitesLocally(TestNG.java:1208)\r\n\tat org.testng.TestNG.runSuites(TestNG.java:1112)\r\n\tat org.testng.TestNG.run(TestNG.java:1079)\r\n\tat org.apache.maven.surefire.testng.TestNGExecutor.run(TestNGExecutor.java:284)\r\n\tat org.apache.maven.surefire.testng.TestNGXmlTestSuite.execute(TestNGXmlTestSuite.java:75)\r\n\tat org.apache.maven.surefire.testng.TestNGProvider.invoke(TestNGProvider.java:119)\r\n\tat org.apache.maven.surefire.booter.ForkedBooter.runSuitesInProcess(ForkedBooter.java:428)\r\n\tat org.apache.maven.surefire.booter.ForkedBooter.execute(ForkedBooter.java:162)\r\n\tat org.apache.maven.surefire.booter.ForkedBooter.run(ForkedBooter.java:562)\r\n\tat org.apache.maven.surefire.booter.ForkedBooter.main(ForkedBooter.java:548)\r\n","steps":[{"name":"********** Test Started.....**********","time":{"start":1743878031921,"stop":1743878031921,"duration":0},"status":"passed","steps":[],"attachments":[],"parameters":[],"stepsCount":0,"hasContent":false,"attachmentStep":false,"shouldDisplayMessage":false,"attachmentsCount":0},{"name":"Test Case : T0101 Description :Verify login page.","time":{"start":1743878031921,"stop":1743878031921,"duration":0},"status":"passed","steps":[],"attachments":[],"parameters":[],"stepsCount":0,"hasContent":false,"attachmentStep":false,"shouldDisplayMessage":false,"attachmentsCount":0},{"name":"Step 1: Started.....","time":{"start":1743878033022,"stop":1743878033022,"duration":0},"status":"passed","steps":[],"attachments":[],"parameters":[],"stepsCount":0,"hasContent":false,"attachmentStep":false,"shouldDisplayMessage":false,"attachmentsCount":0},{"name":"Looking account button.","time":{"start":1743878033022,"stop":1743878033022,"duration":0},"status":"passed","steps":[],"attachments":[],"parameters":[],"stepsCount":0,"hasContent":false,"attachmentStep":false,"shouldDisplayMessage":false,"attachmentsCount":0},{"name":"Step 1: Account button is displayed.","time":{"start":1743878033238,"stop":1743878033238,"duration":0},"status":"passed","steps":[],"attachments":[],"parameters":[],"stepsCount":0,"hasContent":false,"attachmentStep":false,"shouldDisplayMessage":false,"attachmentsCount":0},{"name":"Clicking on account button.","time":{"start":1743878033238,"stop":1743878033238,"duration":0},"status":"passed","steps":[],"attachments":[],"parameters":[],"stepsCount":0,"hasContent":false,"attachmentStep":false,"shouldDisplayMessage":false,"attachmentsCount":0},{"name":"Step 2: Started.....","time":{"start":1743878033522,"stop":1743878033522,"duration":0},"status":"passed","steps":[],"attachments":[],"parameters":[],"stepsCount":0,"hasContent":false,"attachmentStep":false,"shouldDisplayMessage":false,"attachmentsCount":0},{"name":"Getting login page header.","time":{"start":1743878033522,"stop":1743878033522,"duration":0},"status":"passed","steps":[],"attachments":[],"parameters":[],"stepsCount":0,"hasContent":false,"attachmentStep":false,"shouldDisplayMessage":false,"attachmentsCount":0},{"name":"Actual page header is: Login","time":{"start":1743878034059,"stop":1743878034059,"duration":0},"status":"passed","steps":[],"attachments":[],"parameters":[],"stepsCount":0,"hasContent":false,"attachmentStep":false,"shouldDisplayMessage":false,"attachmentsCount":0},{"name":"Step 2: Account page header matched.","time":{"start":1743878034074,"stop":1743878034074,"duration":0},"status":"passed","steps":[],"attachments":[],"parameters":[],"stepsCount":0,"hasContent":false,"attachmentStep":false,"shouldDisplayMessage":false,"attachmentsCount":0},{"name":"Step 3: Started.....","time":{"start":1743878034074,"stop":1743878034074,"duration":0},"status":"passed","steps":[],"attachments":[],"parameters":[],"stepsCount":0,"hasContent":false,"attachmentStep":false,"shouldDisplayMessage":false,"attachmentsCount":0},{"name":"Looking email field.","time":{"start":1743878034074,"stop":1743878034074,"duration":0},"status":"passed","steps":[],"attachments":[],"parameters":[],"stepsCount":0,"hasContent":false,"attachmentStep":false,"shouldDisplayMessage":false,"attachmentsCount":0},{"name":"Step 3: Email field is not displayed.","time":{"start":1743878034222,"stop":1743878034222,"duration":0},"status":"failed","steps":[],"attachments":[],"parameters":[],"stepsCount":0,"hasContent":false,"attachmentStep":false,"shouldDisplayMessage":false,"attachmentsCount":0},{"name":"Step 4: Started.....","time":{"start":1743878034822,"stop":1743878034822,"duration":0},"status":"passed","steps":[],"attachments":[],"parameters":[],"stepsCount":0,"hasContent":false,"attachmentStep":false,"shouldDisplayMessage":false,"attachmentsCount":0},{"name":"Looking for password field.","time":{"start":1743878034822,"stop":1743878034822,"duration":0},"status":"passed","steps":[],"attachments":[],"parameters":[],"stepsCount":0,"hasContent":false,"attachmentStep":false,"shouldDisplayMessage":false,"attachmentsCount":0},{"name":"Step 4: Password field is displayed.","time":{"start":1743878034978,"stop":1743878034978,"duration":0},"status":"passed","steps":[],"attachments":[],"parameters":[],"stepsCount":0,"hasContent":false,"attachmentStep":false,"shouldDisplayMessage":false,"attachmentsCount":0},{"name":"Step 5: Started.....","time":{"start":1743878034978,"stop":1743878034978,"duration":0},"status":"passed","steps":[],"attachments":[],"parameters":[],"stepsCount":0,"hasContent":false,"attachmentStep":false,"shouldDisplayMessage":false,"attachmentsCount":0},{"name":"Looking for Remember Me Checkbox.","time":{"start":1743878034978,"stop":1743878034978,"duration":0},"status":"passed","steps":[],"attachments":[],"parameters":[],"stepsCount":0,"hasContent":false,"attachmentStep":false,"shouldDisplayMessage":false,"attachmentsCount":0},{"name":"Step 5: Remember Me Checkbox field is not displayed.","time":{"start":1743878035122,"stop":1743878035122,"duration":0},"status":"failed","steps":[],"attachments":[],"parameters":[],"stepsCount":0,"hasContent":false,"attachmentStep":false,"shouldDisplayMessage":false,"attachmentsCount":0},{"name":"Step 6: Started.....","time":{"start":1743878035731,"stop":1743878035731,"duration":0},"status":"passed","steps":[],"attachments":[],"parameters":[],"stepsCount":0,"hasContent":false,"attachmentStep":false,"shouldDisplayMessage":false,"attachmentsCount":0},{"name":"Looking for Forgot password.","time":{"start":1743878035731,"stop":1743878035731,"duration":0},"status":"passed","steps":[],"attachments":[],"parameters":[],"stepsCount":0,"hasContent":false,"attachmentStep":false,"shouldDisplayMessage":false,"attachmentsCount":0},{"name":"Step 6: Forgot Password Link is displayed.","time":{"start":1743878035877,"stop":1743878035877,"duration":0},"status":"passed","steps":[],"attachments":[],"parameters":[],"stepsCount":0,"hasContent":false,"attachmentStep":false,"shouldDisplayMessage":false,"attachmentsCount":0},{"name":"Step 7: Started.....","time":{"start":1743878035877,"stop":1743878035877,"duration":0},"status":"passed","steps":[],"attachments":[],"parameters":[],"stepsCount":0,"hasContent":false,"attachmentStep":false,"shouldDisplayMessage":false,"attachmentsCount":0},{"name":"Looking for Sign Up.","time":{"start":1743878035877,"stop":1743878035877,"duration":0},"status":"passed","steps":[],"attachments":[],"parameters":[],"stepsCount":0,"hasContent":false,"attachmentStep":false,"shouldDisplayMessage":false,"attachmentsCount":0},{"name":"Step 7: Sign Up Link is displayed.","time":{"start":1743878036006,"stop":1743878036006,"duration":0},"status":"passed","steps":[],"attachments":[],"parameters":[],"stepsCount":0,"hasContent":false,"attachmentStep":false,"shouldDisplayMessage":false,"attachmentsCount":0},{"name":"Test failed with 2 assertion errors.","time":{"start":1743878036006,"stop":1743878036006,"duration":0},"status":"failed","steps":[],"attachments":[],"parameters":[],"stepsCount":0,"hasContent":false,"attachmentStep":false,"shouldDisplayMessage":false,"attachmentsCount":0},{"name":"Check [SEVERE] log.","time":{"start":1743878036006,"stop":1743878036006,"duration":0},"status":"failed","steps":[],"attachments":[],"parameters":[],"stepsCount":0,"hasContent":false,"attachmentStep":false,"shouldDisplayMessage":false,"attachmentsCount":0},{"name":"Assertion Failed: Step 3: Email field is not displayed.","time":{"start":1743878036006,"stop":1743878036006,"duration":0},"status":"failed","steps":[],"attachments":[],"parameters":[],"stepsCount":0,"hasContent":false,"attachmentStep":false,"shouldDisplayMessage":false,"attachmentsCount":0},{"name":"Assertion Failed: Step 5: Remember Me Checkbox field is not displayed.","time":{"start":1743878036006,"stop":1743878036006,"duration":0},"status":"failed","steps":[],"attachments":[],"parameters":[],"stepsCount":0,"hasContent":false,"attachmentStep":false,"shouldDisplayMessage":false,"attachmentsCount":0},{"name":"Screenshot not captured.","time":{"start":1743878036616,"stop":1743878036616,"duration":0},"status":"passed","steps":[],"attachments":[],"parameters":[],"stepsCount":0,"hasContent":false,"attachmentStep":false,"shouldDisplayMessage":false,"attachmentsCount":0},{"name":"Package Name: org.sentinel.tests.ui.spreecom","time":{"start":1743878036616,"stop":1743878036616,"duration":0},"status":"passed","steps":[],"attachments":[],"parameters":[],"stepsCount":0,"hasContent":false,"attachmentStep":false,"shouldDisplayMessage":false,"attachmentsCount":0},{"name":"Test Result Added: {Status=Fail, Package=org.sentinel.tests.ui.spreecom, Method=T0101, Remark=Test failed with multiple assertion errors. Check logs for details. [Assertion Failed: Step 3: Email field is not displayed., Assertion Failed: Step 5: Remember Me Checkbox field is not displayed.]}","time":{"start":1743878036616,"stop":1743878036616,"duration":0},"status":"passed","steps":[],"attachments":[],"parameters":[],"stepsCount":0,"hasContent":false,"attachmentStep":false,"shouldDisplayMessage":false,"attachmentsCount":0},{"name":"********** Test Fail. **********","time":{"start":1743878036616,"stop":1743878036616,"duration":0},"status":"passed","steps":[],"attachments":[],"parameters":[],"stepsCount":0,"hasContent":false,"attachmentStep":false,"shouldDisplayMessage":false,"attachmentsCount":0}],"attachments":[{"uid":"8774374bab03a650","name":"Step 3: Email field is not displayed.","source":"8774374bab03a650.png","type":"image/png","size":238640},{"uid":"737e74f98fe5c65a","name":"Step 5: Remember Me Checkbox field is not displayed.","source":"737e74f98fe5c65a.png","type":"image/png","size":238640},{"uid":"26475c163fc3331e","name":"Screenshot","source":"26475c163fc3331e.png","type":"image/png","size":238596}],"parameters":[],"stepsCount":33,"hasContent":true,"attachmentStep":false,"shouldDisplayMessage":true,"attachmentsCount":3},"afterStages":[{"name":"tearDown","time":{"start":1743878036632,"stop":1743878067684,"duration":31052},"description":"","status":"passed","steps":[{"name":"Thread 1 - WebDriver Closed.","time":{"start":1743878036756,"stop":1743878036756,"duration":0},"status":"passed","steps":[],"attachments":[],"parameters":[],"stepsCount":0,"hasContent":false,"attachmentStep":false,"shouldDisplayMessage":false,"attachmentsCount":0},{"name":"Current Session Id is: f9bf251da5b01a5968af4b8364c335d1","time":{"start":1743878036756,"stop":1743878036756,"duration":0},"status":"broken","steps":[],"attachments":[],"parameters":[],"stepsCount":0,"hasContent":false,"attachmentStep":false,"shouldDisplayMessage":false,"attachmentsCount":0},{"name":"Saving video to: D:\\a\\sentinel-tests\\sentinel-tests/reports/video/Video_20250405_183426.mp4","time":{"start":1743878066878,"stop":1743878066878,"duration":0},"status":"passed","steps":[],"attachments":[],"parameters":[],"stepsCount":0,"hasContent":false,"attachmentStep":false,"shouldDisplayMessage":false,"attachmentsCount":0},{"name":"Video downloaded successfully.D:\\a\\sentinel-tests\\sentinel-tests/reports/video/Video_20250405_183426.mp4","time":{"start":1743878067684,"stop":1743878067684,"duration":0},"status":"passed","steps":[],"attachments":[],"parameters":[],"stepsCount":0,"hasContent":false,"attachmentStep":false,"shouldDisplayMessage":false,"attachmentsCount":0}],"attachments":[{"uid":"c855132bf665ba8","name":"Test Execution Video","source":"c855132bf665ba8.qt","type":"video/mp4","size":44891}],"parameters":[],"stepsCount":4,"hasContent":true,"attachmentStep":false,"shouldDisplayMessage":false,"attachmentsCount":1},{"name":"closeBrowser","time":{"start":1743878108062,"stop":1743878108062,"duration":0},"description":"","status":"passed","steps":[{"name":"This is a After class.","time":{"start":1743878108062,"stop":1743878108062,"duration":0},"status":"passed","steps":[],"attachments":[],"parameters":[],"stepsCount":0,"hasContent":false,"attachmentStep":false,"shouldDisplayMessage":false,"attachmentsCount":0}],"attachments":[],"parameters":[],"stepsCount":1,"hasContent":true,"attachmentStep":false,"shouldDisplayMessage":false,"attachmentsCount":0}],"labels":[{"name":"package","value":"org.sentinel.tests.ui.spreecom.LoginTest"},{"name":"testClass","value":"org.sentinel.tests.ui.spreecom.LoginTest"},{"name":"testMethod","value":"T0101"},{"name":"parentSuite","value":"sentinel-tests"},{"name":"suite","value":"all-api-ui-tests"},{"name":"subSuite","value":"org.sentinel.tests.ui.spreecom.LoginTest"},{"name":"host","value":"fv-az671-808"},{"name":"thread","value":"2512@fv-az671-808.main(1)"},{"name":"framework","value":"testng"},{"name":"language","value":"java"},{"name":"resultFormat","value":"allure2"}],"parameters":[{"name":"appURL","value":"https://demo.spreecommerce.org/"},{"name":"baseURI","value":"https://restful-booker.herokuapp.com/"},{"name":"browserName","value":"Chrome"},{"name":"lt_URL","value":"https://%s:%s@hub.lambdatest.com/wd/hub"},{"name":"maxRetryCount","value":"1"},{"name":"platform","value":"Windows 10"},{"name":"run_on","value":"remote"},{"name":"takeSnapOnFailure","value":"true"},{"name":"version","value":"latest"}],"links":[],"hidden":false,"retry":false,"extra":{"severity":"normal","retries":[{"uid":"4c6728a5aeaa3e4d","status":"skipped","statusDetails":"Test failed with multiple assertion errors. Check logs for details. [Assertion Failed: Step 3: Email field is not displayed., Assertion Failed: Step 5: Remember Me Checkbox field is not displayed.]","time":{"start":1743877987368,"stop":1743877991787,"duration":4419}}],"categories":[{"name":"Product defects","matchedStatuses":[]}],"tags":[]},"source":"26ceb5e5a98c88f4.json","parameterValues":["https://demo.spreecommerce.org/","https://restful-booker.herokuapp.com/","Chrome","https://%s:%s@hub.lambdatest.com/wd/hub","1","Windows 10","remote","true","latest"]}