{"uid":"4ce1c978bcb3ba7f","name":"T0101","fullName":"org.sentinel.tests.ui.spreecom.LoginTest.T0101","historyId":"cce06540b908c2ddfcb92e5a6799a178","time":{"start":1743920433764,"stop":1743920439167,"duration":5403},"description":"Verify login page.","descriptionHtml":"<p>Verify login page.</p>\n","status":"skipped","statusMessage":"Test failed with multiple assertion errors. Check logs for details. [Assertion Failed: Step 3: Email field is not displayed., Assertion Failed: Step 5: Remember Me Checkbox field is not displayed.]","statusTrace":"java.lang.AssertionError: Test failed with multiple assertion errors. Check logs for details. [Assertion Failed: Step 3: Email field is not displayed., Assertion Failed: Step 5: Remember Me Checkbox field is not displayed.]\r\n\tat org.sentinel.tests.utils.testng.AssertLog.assertAllWithLog(AssertLog.java:227)\r\n\tat org.sentinel.tests.ui.spreecom.LoginTest.T0101(LoginTest.java:94)\r\n\tat java.base/jdk.internal.reflect.NativeMethodAccessorImpl.invoke0(Native Method)\r\n\tat java.base/jdk.internal.reflect.NativeMethodAccessorImpl.invoke(NativeMethodAccessorImpl.java:77)\r\n\tat java.base/jdk.internal.reflect.DelegatingMethodAccessorImpl.invoke(DelegatingMethodAccessorImpl.java:43)\r\n\tat java.base/java.lang.reflect.Method.invoke(Method.java:569)\r\n\tat org.testng.internal.invokers.MethodInvocationHelper.invokeMethod(MethodInvocationHelper.java:141)\r\n\tat org.testng.internal.invokers.TestInvoker.invokeMethod(TestInvoker.java:686)\r\n\tat org.testng.internal.invokers.TestInvoker.invokeTestMethod(TestInvoker.java:230)\r\n\tat org.testng.internal.invokers.MethodRunner.runInSequence(MethodRunner.java:63)\r\n\tat org.testng.internal.invokers.TestInvoker$MethodInvocationAgent.invoke(TestInvoker.java:992)\r\n\tat org.testng.internal.invokers.TestInvoker.invokeTestMethods(TestInvoker.java:203)\r\n\tat org.testng.internal.invokers.TestMethodWorker.invokeTestMethods(TestMethodWorker.java:154)\r\n\tat org.testng.internal.invokers.TestMethodWorker.run(TestMethodWorker.java:134)\r\n\tat java.base/java.util.ArrayList.forEach(ArrayList.java:1511)\r\n\tat org.testng.TestRunner.privateRun(TestRunner.java:739)\r\n\tat org.testng.TestRunner.run(TestRunner.java:614)\r\n\tat org.testng.SuiteRunner.runTest(SuiteRunner.java:421)\r\n\tat org.testng.SuiteRunner.runSequentially(SuiteRunner.java:413)\r\n\tat org.testng.SuiteRunner.privateRun(SuiteRunner.java:373)\r\n\tat org.testng.SuiteRunner.run(SuiteRunner.java:312)\r\n\tat org.testng.SuiteRunnerWorker.runSuite(SuiteRunnerWorker.java:52)\r\n\tat org.testng.SuiteRunnerWorker.run(SuiteRunnerWorker.java:95)\r\n\tat org.testng.TestNG.runSuitesSequentially(TestNG.java:1274)\r\n\tat org.testng.TestNG.runSuitesLocally(TestNG.java:1208)\r\n\tat org.testng.TestNG.runSuites(TestNG.java:1112)\r\n\tat org.testng.TestNG.run(TestNG.java:1079)\r\n\tat org.apache.maven.surefire.testng.TestNGExecutor.run(TestNGExecutor.java:284)\r\n\tat org.apache.maven.surefire.testng.TestNGXmlTestSuite.execute(TestNGXmlTestSuite.java:75)\r\n\tat org.apache.maven.surefire.testng.TestNGProvider.invoke(TestNGProvider.java:119)\r\n\tat org.apache.maven.surefire.booter.ForkedBooter.runSuitesInProcess(ForkedBooter.java:428)\r\n\tat org.apache.maven.surefire.booter.ForkedBooter.execute(ForkedBooter.java:162)\r\n\tat org.apache.maven.surefire.booter.ForkedBooter.run(ForkedBooter.java:562)\r\n\tat org.apache.maven.surefire.booter.ForkedBooter.main(ForkedBooter.java:548)\r\n","flaky":false,"newFailed":false,"newBroken":false,"newPassed":false,"retriesCount":0,"retriesStatusChange":false,"beforeStages":[{"name":"setUpEnv","time":{"start":1743920426009,"stop":1743920426009,"duration":0},"description":"","status":"passed","steps":[{"name":"Parameter Loading.....","time":{"start":1743920426009,"stop":1743920426009,"duration":0},"status":"passed","steps":[],"attachments":[],"parameters":[],"shouldDisplayMessage":false,"attachmentsCount":0,"hasContent":false,"attachmentStep":false,"stepsCount":0},{"name":"Parameter Completed.....","time":{"start":1743920426009,"stop":1743920426009,"duration":0},"status":"passed","steps":[],"attachments":[],"parameters":[],"shouldDisplayMessage":false,"attachmentsCount":0,"hasContent":false,"attachmentStep":false,"stepsCount":0}],"attachments":[],"parameters":[],"shouldDisplayMessage":false,"attachmentsCount":0,"hasContent":true,"attachmentStep":false,"stepsCount":2},{"name":"tearUp","time":{"start":1743920426040,"stop":1743920433563,"duration":7523},"description":"","status":"passed","steps":[{"name":"Doing setup for remote runs.","time":{"start":1743920426040,"stop":1743920426040,"duration":0},"status":"passed","steps":[],"attachments":[],"parameters":[],"shouldDisplayMessage":false,"attachmentsCount":0,"hasContent":false,"attachmentStep":false,"stepsCount":0},{"name":"Launching Remote Instance.","time":{"start":1743920426040,"stop":1743920426040,"duration":0},"status":"passed","steps":[],"attachments":[],"parameters":[],"shouldDisplayMessage":false,"attachmentsCount":0,"hasContent":false,"attachmentStep":false,"stepsCount":0},{"name":"Remote browser opening with : %sCapabilities {browserName: Chrome, name: Windows 10 - Chrome - lates..., platform: Windows 10, version: latest}","time":{"start":1743920426056,"stop":1743920426056,"duration":0},"status":"passed","steps":[],"attachments":[],"parameters":[],"shouldDisplayMessage":false,"attachmentsCount":0,"hasContent":false,"attachmentStep":false,"stepsCount":0},{"name":"Session Id: 2541ea08b36e7cca69fd5dd4649d74fb","time":{"start":1743920433316,"stop":1743920433316,"duration":0},"status":"passed","steps":[],"attachments":[],"parameters":[],"shouldDisplayMessage":false,"attachmentsCount":0,"hasContent":false,"attachmentStep":false,"stepsCount":0}],"attachments":[],"parameters":[],"shouldDisplayMessage":false,"attachmentsCount":0,"hasContent":true,"attachmentStep":false,"stepsCount":4}],"testStage":{"description":"Verify login page.","status":"skipped","statusMessage":"Test failed with multiple assertion errors. Check logs for details. [Assertion Failed: Step 3: Email field is not displayed., Assertion Failed: Step 5: Remember Me Checkbox field is not displayed.]","statusTrace":"java.lang.AssertionError: Test failed with multiple assertion errors. Check logs for details. [Assertion Failed: Step 3: Email field is not displayed., Assertion Failed: Step 5: Remember Me Checkbox field is not displayed.]\r\n\tat org.sentinel.tests.utils.testng.AssertLog.assertAllWithLog(AssertLog.java:227)\r\n\tat org.sentinel.tests.ui.spreecom.LoginTest.T0101(LoginTest.java:94)\r\n\tat java.base/jdk.internal.reflect.NativeMethodAccessorImpl.invoke0(Native Method)\r\n\tat java.base/jdk.internal.reflect.NativeMethodAccessorImpl.invoke(NativeMethodAccessorImpl.java:77)\r\n\tat java.base/jdk.internal.reflect.DelegatingMethodAccessorImpl.invoke(DelegatingMethodAccessorImpl.java:43)\r\n\tat java.base/java.lang.reflect.Method.invoke(Method.java:569)\r\n\tat org.testng.internal.invokers.MethodInvocationHelper.invokeMethod(MethodInvocationHelper.java:141)\r\n\tat org.testng.internal.invokers.TestInvoker.invokeMethod(TestInvoker.java:686)\r\n\tat org.testng.internal.invokers.TestInvoker.invokeTestMethod(TestInvoker.java:230)\r\n\tat org.testng.internal.invokers.MethodRunner.runInSequence(MethodRunner.java:63)\r\n\tat org.testng.internal.invokers.TestInvoker$MethodInvocationAgent.invoke(TestInvoker.java:992)\r\n\tat org.testng.internal.invokers.TestInvoker.invokeTestMethods(TestInvoker.java:203)\r\n\tat org.testng.internal.invokers.TestMethodWorker.invokeTestMethods(TestMethodWorker.java:154)\r\n\tat org.testng.internal.invokers.TestMethodWorker.run(TestMethodWorker.java:134)\r\n\tat java.base/java.util.ArrayList.forEach(ArrayList.java:1511)\r\n\tat org.testng.TestRunner.privateRun(TestRunner.java:739)\r\n\tat org.testng.TestRunner.run(TestRunner.java:614)\r\n\tat org.testng.SuiteRunner.runTest(SuiteRunner.java:421)\r\n\tat org.testng.SuiteRunner.runSequentially(SuiteRunner.java:413)\r\n\tat org.testng.SuiteRunner.privateRun(SuiteRunner.java:373)\r\n\tat org.testng.SuiteRunner.run(SuiteRunner.java:312)\r\n\tat org.testng.SuiteRunnerWorker.runSuite(SuiteRunnerWorker.java:52)\r\n\tat org.testng.SuiteRunnerWorker.run(SuiteRunnerWorker.java:95)\r\n\tat org.testng.TestNG.runSuitesSequentially(TestNG.java:1274)\r\n\tat org.testng.TestNG.runSuitesLocally(TestNG.java:1208)\r\n\tat org.testng.TestNG.runSuites(TestNG.java:1112)\r\n\tat org.testng.TestNG.run(TestNG.java:1079)\r\n\tat org.apache.maven.surefire.testng.TestNGExecutor.run(TestNGExecutor.java:284)\r\n\tat org.apache.maven.surefire.testng.TestNGXmlTestSuite.execute(TestNGXmlTestSuite.java:75)\r\n\tat org.apache.maven.surefire.testng.TestNGProvider.invoke(TestNGProvider.java:119)\r\n\tat org.apache.maven.surefire.booter.ForkedBooter.runSuitesInProcess(ForkedBooter.java:428)\r\n\tat org.apache.maven.surefire.booter.ForkedBooter.execute(ForkedBooter.java:162)\r\n\tat org.apache.maven.surefire.booter.ForkedBooter.run(ForkedBooter.java:562)\r\n\tat org.apache.maven.surefire.booter.ForkedBooter.main(ForkedBooter.java:548)\r\n","steps":[{"name":"********** Test Started.....**********","time":{"start":1743920433764,"stop":1743920433764,"duration":0},"status":"passed","steps":[],"attachments":[],"parameters":[],"shouldDisplayMessage":false,"attachmentsCount":0,"hasContent":false,"attachmentStep":false,"stepsCount":0},{"name":"Test Case : T0101 Description :Verify login page.","time":{"start":1743920433764,"stop":1743920433764,"duration":0},"status":"passed","steps":[],"attachments":[],"parameters":[],"shouldDisplayMessage":false,"attachmentsCount":0,"hasContent":false,"attachmentStep":false,"stepsCount":0},{"name":"Step 1: Started.....","time":{"start":1743920435300,"stop":1743920435300,"duration":0},"status":"passed","steps":[],"attachments":[],"parameters":[],"shouldDisplayMessage":false,"attachmentsCount":0,"hasContent":false,"attachmentStep":false,"stepsCount":0},{"name":"Looking account button.","time":{"start":1743920435300,"stop":1743920435300,"duration":0},"status":"passed","steps":[],"attachments":[],"parameters":[],"shouldDisplayMessage":false,"attachmentsCount":0,"hasContent":false,"attachmentStep":false,"stepsCount":0},{"name":"Step 1: Account button is displayed.","time":{"start":1743920435676,"stop":1743920435676,"duration":0},"status":"passed","steps":[],"attachments":[],"parameters":[],"shouldDisplayMessage":false,"attachmentsCount":0,"hasContent":false,"attachmentStep":false,"stepsCount":0},{"name":"Clicking on account button.","time":{"start":1743920435676,"stop":1743920435676,"duration":0},"status":"passed","steps":[],"attachments":[],"parameters":[],"shouldDisplayMessage":false,"attachmentsCount":0,"hasContent":false,"attachmentStep":false,"stepsCount":0},{"name":"Step 2: Started.....","time":{"start":1743920435981,"stop":1743920435981,"duration":0},"status":"passed","steps":[],"attachments":[],"parameters":[],"shouldDisplayMessage":false,"attachmentsCount":0,"hasContent":false,"attachmentStep":false,"stepsCount":0},{"name":"Getting login page header.","time":{"start":1743920435981,"stop":1743920435981,"duration":0},"status":"passed","steps":[],"attachments":[],"parameters":[],"shouldDisplayMessage":false,"attachmentsCount":0,"hasContent":false,"attachmentStep":false,"stepsCount":0},{"name":"Actual page header is: Login","time":{"start":1743920436673,"stop":1743920436673,"duration":0},"status":"passed","steps":[],"attachments":[],"parameters":[],"shouldDisplayMessage":false,"attachmentsCount":0,"hasContent":false,"attachmentStep":false,"stepsCount":0},{"name":"Step 2: Account page header matched.","time":{"start":1743920436673,"stop":1743920436673,"duration":0},"status":"passed","steps":[],"attachments":[],"parameters":[],"shouldDisplayMessage":false,"attachmentsCount":0,"hasContent":false,"attachmentStep":false,"stepsCount":0},{"name":"Step 3: Started.....","time":{"start":1743920436673,"stop":1743920436673,"duration":0},"status":"passed","steps":[],"attachments":[],"parameters":[],"shouldDisplayMessage":false,"attachmentsCount":0,"hasContent":false,"attachmentStep":false,"stepsCount":0},{"name":"Looking email field.","time":{"start":1743920436673,"stop":1743920436673,"duration":0},"status":"passed","steps":[],"attachments":[],"parameters":[],"shouldDisplayMessage":false,"attachmentsCount":0,"hasContent":false,"attachmentStep":false,"stepsCount":0},{"name":"Step 3: Email field is not displayed.","time":{"start":1743920436920,"stop":1743920436920,"duration":0},"status":"failed","steps":[],"attachments":[],"parameters":[],"shouldDisplayMessage":false,"attachmentsCount":0,"hasContent":false,"attachmentStep":false,"stepsCount":0},{"name":"Step 4: Started.....","time":{"start":1743920437664,"stop":1743920437664,"duration":0},"status":"passed","steps":[],"attachments":[],"parameters":[],"shouldDisplayMessage":false,"attachmentsCount":0,"hasContent":false,"attachmentStep":false,"stepsCount":0},{"name":"Looking for password field.","time":{"start":1743920437664,"stop":1743920437664,"duration":0},"status":"passed","steps":[],"attachments":[],"parameters":[],"shouldDisplayMessage":false,"attachmentsCount":0,"hasContent":false,"attachmentStep":false,"stepsCount":0},{"name":"Step 4: Password field is displayed.","time":{"start":1743920437855,"stop":1743920437855,"duration":0},"status":"passed","steps":[],"attachments":[],"parameters":[],"shouldDisplayMessage":false,"attachmentsCount":0,"hasContent":false,"attachmentStep":false,"stepsCount":0},{"name":"Step 5: Started.....","time":{"start":1743920437855,"stop":1743920437855,"duration":0},"status":"passed","steps":[],"attachments":[],"parameters":[],"shouldDisplayMessage":false,"attachmentsCount":0,"hasContent":false,"attachmentStep":false,"stepsCount":0},{"name":"Looking for Remember Me Checkbox.","time":{"start":1743920437855,"stop":1743920437855,"duration":0},"status":"passed","steps":[],"attachments":[],"parameters":[],"shouldDisplayMessage":false,"attachmentsCount":0,"hasContent":false,"attachmentStep":false,"stepsCount":0},{"name":"Step 5: Remember Me Checkbox field is not displayed.","time":{"start":1743920438094,"stop":1743920438094,"duration":0},"status":"failed","steps":[],"attachments":[],"parameters":[],"shouldDisplayMessage":false,"attachmentsCount":0,"hasContent":false,"attachmentStep":false,"stepsCount":0},{"name":"Step 6: Started.....","time":{"start":1743920438747,"stop":1743920438747,"duration":0},"status":"passed","steps":[],"attachments":[],"parameters":[],"shouldDisplayMessage":false,"attachmentsCount":0,"hasContent":false,"attachmentStep":false,"stepsCount":0},{"name":"Looking for Forgot password.","time":{"start":1743920438747,"stop":1743920438747,"duration":0},"status":"passed","steps":[],"attachments":[],"parameters":[],"shouldDisplayMessage":false,"attachmentsCount":0,"hasContent":false,"attachmentStep":false,"stepsCount":0},{"name":"Step 6: Forgot Password Link is displayed.","time":{"start":1743920438959,"stop":1743920438959,"duration":0},"status":"passed","steps":[],"attachments":[],"parameters":[],"shouldDisplayMessage":false,"attachmentsCount":0,"hasContent":false,"attachmentStep":false,"stepsCount":0},{"name":"Step 7: Started.....","time":{"start":1743920438959,"stop":1743920438959,"duration":0},"status":"passed","steps":[],"attachments":[],"parameters":[],"shouldDisplayMessage":false,"attachmentsCount":0,"hasContent":false,"attachmentStep":false,"stepsCount":0},{"name":"Looking for Sign Up.","time":{"start":1743920438959,"stop":1743920438959,"duration":0},"status":"passed","steps":[],"attachments":[],"parameters":[],"shouldDisplayMessage":false,"attachmentsCount":0,"hasContent":false,"attachmentStep":false,"stepsCount":0},{"name":"Step 7: Sign Up Link is displayed.","time":{"start":1743920439151,"stop":1743920439151,"duration":0},"status":"passed","steps":[],"attachments":[],"parameters":[],"shouldDisplayMessage":false,"attachmentsCount":0,"hasContent":false,"attachmentStep":false,"stepsCount":0},{"name":"Test failed with 2 assertion errors.","time":{"start":1743920439151,"stop":1743920439151,"duration":0},"status":"failed","steps":[],"attachments":[],"parameters":[],"shouldDisplayMessage":false,"attachmentsCount":0,"hasContent":false,"attachmentStep":false,"stepsCount":0},{"name":"Check [SEVERE] log.","time":{"start":1743920439151,"stop":1743920439151,"duration":0},"status":"failed","steps":[],"attachments":[],"parameters":[],"shouldDisplayMessage":false,"attachmentsCount":0,"hasContent":false,"attachmentStep":false,"stepsCount":0},{"name":"Assertion Failed: Step 3: Email field is not displayed.","time":{"start":1743920439151,"stop":1743920439151,"duration":0},"status":"failed","steps":[],"attachments":[],"parameters":[],"shouldDisplayMessage":false,"attachmentsCount":0,"hasContent":false,"attachmentStep":false,"stepsCount":0},{"name":"Assertion Failed: Step 5: Remember Me Checkbox field is not displayed.","time":{"start":1743920439151,"stop":1743920439151,"duration":0},"status":"failed","steps":[],"attachments":[],"parameters":[],"shouldDisplayMessage":false,"attachmentsCount":0,"hasContent":false,"attachmentStep":false,"stepsCount":0},{"name":"Retrying T0101 (1/1)","time":{"start":1743920439167,"stop":1743920439167,"duration":0},"status":"passed","steps":[],"attachments":[],"parameters":[],"shouldDisplayMessage":false,"attachmentsCount":0,"hasContent":false,"attachmentStep":false,"stepsCount":0},{"name":"Package Name: org.sentinel.tests.ui.spreecom","time":{"start":1743920439167,"stop":1743920439167,"duration":0},"status":"passed","steps":[],"attachments":[],"parameters":[],"shouldDisplayMessage":false,"attachmentsCount":0,"hasContent":false,"attachmentStep":false,"stepsCount":0},{"name":"Test Result Added: {Status=Skip, Package=org.sentinel.tests.ui.spreecom, Method=T0101, Remark=Test was skipped}","time":{"start":1743920439167,"stop":1743920439167,"duration":0},"status":"passed","steps":[],"attachments":[],"parameters":[],"shouldDisplayMessage":false,"attachmentsCount":0,"hasContent":false,"attachmentStep":false,"stepsCount":0}],"attachments":[{"uid":"fa6c6b4855cc7b40","name":"Step 3: Email field is not displayed.","source":"fa6c6b4855cc7b40.png","type":"image/png","size":233058},{"uid":"69dcef73eb6a963a","name":"Step 5: Remember Me Checkbox field is not displayed.","source":"69dcef73eb6a963a.png","type":"image/png","size":233037}],"parameters":[],"shouldDisplayMessage":true,"attachmentsCount":2,"hasContent":true,"attachmentStep":false,"stepsCount":32},"afterStages":[{"name":"tearDown","time":{"start":1743920439214,"stop":1743920471273,"duration":32059},"description":"","status":"passed","steps":[{"name":"Thread 1 - WebDriver Closed.","time":{"start":1743920439383,"stop":1743920439383,"duration":0},"status":"passed","steps":[],"attachments":[],"parameters":[],"shouldDisplayMessage":false,"attachmentsCount":0,"hasContent":false,"attachmentStep":false,"stepsCount":0},{"name":"Current Session Id is: 2541ea08b36e7cca69fd5dd4649d74fb","time":{"start":1743920439383,"stop":1743920439383,"duration":0},"status":"broken","steps":[],"attachments":[],"parameters":[],"shouldDisplayMessage":false,"attachmentsCount":0,"hasContent":false,"attachmentStep":false,"stepsCount":0},{"name":"Saving video to: D:\\a\\sentinel-tests\\sentinel-tests/reports/video/Video_20250406_062110.mp4","time":{"start":1743920470028,"stop":1743920470028,"duration":0},"status":"passed","steps":[],"attachments":[],"parameters":[],"shouldDisplayMessage":false,"attachmentsCount":0,"hasContent":false,"attachmentStep":false,"stepsCount":0},{"name":"Video downloaded successfully.D:\\a\\sentinel-tests\\sentinel-tests/reports/video/Video_20250406_062110.mp4","time":{"start":1743920471086,"stop":1743920471086,"duration":0},"status":"passed","steps":[],"attachments":[],"parameters":[],"shouldDisplayMessage":false,"attachmentsCount":0,"hasContent":false,"attachmentStep":false,"stepsCount":0}],"attachments":[{"uid":"10406b18e2c0c6f2","name":"Test Execution Video","source":"10406b18e2c0c6f2.qt","type":"video/mp4","size":65452}],"parameters":[],"shouldDisplayMessage":false,"attachmentsCount":1,"hasContent":true,"attachmentStep":false,"stepsCount":4},{"name":"closeBrowser","time":{"start":1743920565260,"stop":1743920565260,"duration":0},"description":"","status":"passed","steps":[{"name":"This is a After class.","time":{"start":1743920565260,"stop":1743920565260,"duration":0},"status":"passed","steps":[],"attachments":[],"parameters":[],"shouldDisplayMessage":false,"attachmentsCount":0,"hasContent":false,"attachmentStep":false,"stepsCount":0}],"attachments":[],"parameters":[],"shouldDisplayMessage":false,"attachmentsCount":0,"hasContent":true,"attachmentStep":false,"stepsCount":1}],"labels":[{"name":"package","value":"org.sentinel.tests.ui.spreecom.LoginTest"},{"name":"testClass","value":"org.sentinel.tests.ui.spreecom.LoginTest"},{"name":"testMethod","value":"T0101"},{"name":"parentSuite","value":"sentinel-tests"},{"name":"suite","value":"all-api-ui-tests"},{"name":"subSuite","value":"org.sentinel.tests.ui.spreecom.LoginTest"},{"name":"host","value":"fv-az1452-884"},{"name":"thread","value":"4620@fv-az1452-884.main(1)"},{"name":"framework","value":"testng"},{"name":"language","value":"java"},{"name":"resultFormat","value":"allure2"}],"parameters":[{"name":"appURL","value":"https://demo.spreecommerce.org/"},{"name":"baseURI","value":"https://restful-booker.herokuapp.com/"},{"name":"browserName","value":"Chrome"},{"name":"lt_URL","value":"https://%s:%s@hub.lambdatest.com/wd/hub"},{"name":"maxRetryCount","value":"1"},{"name":"platform","value":"Windows 10"},{"name":"run_on","value":"remote"},{"name":"takeSnapOnFailure","value":"true"},{"name":"version","value":"latest"}],"links":[],"hidden":true,"retry":true,"extra":{"categories":[],"tags":[]},"source":"4ce1c978bcb3ba7f.json","parameterValues":["https://demo.spreecommerce.org/","https://restful-booker.herokuapp.com/","Chrome","https://%s:%s@hub.lambdatest.com/wd/hub","1","Windows 10","remote","true","latest"]}