{"uid":"c311d5c6012e9374","name":"T0101","fullName":"org.sentinel.tests.ui.spreecom.LoginTest.T0101","historyId":"cce06540b908c2ddfcb92e5a6799a178","time":{"start":1745483889834,"stop":1745483894483,"duration":4649},"description":"Verify login page.","descriptionHtml":"<p>Verify login page.</p>\n","status":"skipped","statusMessage":"Test failed with multiple assertion errors. Check logs for details. [Assertion Failed: Step 3: Email field is not displayed., Assertion Failed: Step 5: Remember Me Checkbox field is not displayed.]","statusTrace":"java.lang.AssertionError: Test failed with multiple assertion errors. Check logs for details. [Assertion Failed: Step 3: Email field is not displayed., Assertion Failed: Step 5: Remember Me Checkbox field is not displayed.]\r\n\tat org.sentinel.tests.utils.testng.AssertLog.assertAllWithLog(AssertLog.java:227)\r\n\tat org.sentinel.tests.ui.spreecom.LoginTest.T0101(LoginTest.java:99)\r\n\tat java.base/jdk.internal.reflect.NativeMethodAccessorImpl.invoke0(Native Method)\r\n\tat java.base/jdk.internal.reflect.NativeMethodAccessorImpl.invoke(NativeMethodAccessorImpl.java:77)\r\n\tat java.base/jdk.internal.reflect.DelegatingMethodAccessorImpl.invoke(DelegatingMethodAccessorImpl.java:43)\r\n\tat java.base/java.lang.reflect.Method.invoke(Method.java:569)\r\n\tat org.testng.internal.invokers.MethodInvocationHelper.invokeMethod(MethodInvocationHelper.java:141)\r\n\tat org.testng.internal.invokers.TestInvoker.invokeMethod(TestInvoker.java:686)\r\n\tat org.testng.internal.invokers.TestInvoker.invokeTestMethod(TestInvoker.java:230)\r\n\tat org.testng.internal.invokers.MethodRunner.runInSequence(MethodRunner.java:63)\r\n\tat org.testng.internal.invokers.TestInvoker$MethodInvocationAgent.invoke(TestInvoker.java:992)\r\n\tat org.testng.internal.invokers.TestInvoker.invokeTestMethods(TestInvoker.java:203)\r\n\tat org.testng.internal.invokers.TestMethodWorker.invokeTestMethods(TestMethodWorker.java:154)\r\n\tat org.testng.internal.invokers.TestMethodWorker.run(TestMethodWorker.java:134)\r\n\tat java.base/java.util.ArrayList.forEach(ArrayList.java:1511)\r\n\tat org.testng.TestRunner.privateRun(TestRunner.java:739)\r\n\tat org.testng.TestRunner.run(TestRunner.java:614)\r\n\tat org.testng.SuiteRunner.runTest(SuiteRunner.java:421)\r\n\tat org.testng.SuiteRunner.runSequentially(SuiteRunner.java:413)\r\n\tat org.testng.SuiteRunner.privateRun(SuiteRunner.java:373)\r\n\tat org.testng.SuiteRunner.run(SuiteRunner.java:312)\r\n\tat org.testng.SuiteRunnerWorker.runSuite(SuiteRunnerWorker.java:52)\r\n\tat org.testng.SuiteRunnerWorker.run(SuiteRunnerWorker.java:95)\r\n\tat org.testng.TestNG.runSuitesSequentially(TestNG.java:1274)\r\n\tat org.testng.TestNG.runSuitesLocally(TestNG.java:1208)\r\n\tat org.testng.TestNG.runSuites(TestNG.java:1112)\r\n\tat org.testng.TestNG.run(TestNG.java:1079)\r\n\tat org.apache.maven.surefire.testng.TestNGExecutor.run(TestNGExecutor.java:284)\r\n\tat org.apache.maven.surefire.testng.TestNGXmlTestSuite.execute(TestNGXmlTestSuite.java:75)\r\n\tat org.apache.maven.surefire.testng.TestNGProvider.invoke(TestNGProvider.java:119)\r\n\tat org.apache.maven.surefire.booter.ForkedBooter.runSuitesInProcess(ForkedBooter.java:428)\r\n\tat org.apache.maven.surefire.booter.ForkedBooter.execute(ForkedBooter.java:162)\r\n\tat org.apache.maven.surefire.booter.ForkedBooter.run(ForkedBooter.java:562)\r\n\tat org.apache.maven.surefire.booter.ForkedBooter.main(ForkedBooter.java:548)\r\n","flaky":false,"newFailed":false,"newBroken":false,"newPassed":false,"retriesCount":0,"retriesStatusChange":false,"beforeStages":[{"name":"setUpEnv","time":{"start":1745483839565,"stop":1745483839565,"duration":0},"description":"","status":"passed","steps":[{"name":"Parameter Loading.....","time":{"start":1745483839565,"stop":1745483839565,"duration":0},"status":"passed","steps":[],"attachments":[],"parameters":[],"stepsCount":0,"attachmentStep":false,"hasContent":false,"attachmentsCount":0,"shouldDisplayMessage":false},{"name":"Parameter Completed.....","time":{"start":1745483839565,"stop":1745483839565,"duration":0},"status":"passed","steps":[],"attachments":[],"parameters":[],"stepsCount":0,"attachmentStep":false,"hasContent":false,"attachmentsCount":0,"shouldDisplayMessage":false}],"attachments":[],"parameters":[],"stepsCount":2,"attachmentStep":false,"hasContent":true,"attachmentsCount":0,"shouldDisplayMessage":false},{"name":"tearUp","time":{"start":1745483884564,"stop":1745483889834,"duration":5270},"description":"","status":"passed","steps":[{"name":"Doing setup for remote runs.","time":{"start":1745483884564,"stop":1745483884564,"duration":0},"status":"passed","steps":[],"attachments":[],"parameters":[],"stepsCount":0,"attachmentStep":false,"hasContent":false,"attachmentsCount":0,"shouldDisplayMessage":false},{"name":"Launching Remote Instance.","time":{"start":1745483884564,"stop":1745483884564,"duration":0},"status":"passed","steps":[],"attachments":[],"parameters":[],"stepsCount":0,"attachmentStep":false,"hasContent":false,"attachmentsCount":0,"shouldDisplayMessage":false},{"name":"Remote browser opening with : %sCapabilities {browserName: Chrome, build: Build-feature-1-57-14637153..., name: T0101, platform: Windows 10, version: latest}","time":{"start":1745483884564,"stop":1745483884564,"duration":0},"status":"passed","steps":[],"attachments":[],"parameters":[],"stepsCount":0,"attachmentStep":false,"hasContent":false,"attachmentsCount":0,"shouldDisplayMessage":false},{"name":"Session Id: ec9a27c3a84db8967822a73ed24b582b","time":{"start":1745483889643,"stop":1745483889643,"duration":0},"status":"passed","steps":[],"attachments":[],"parameters":[],"stepsCount":0,"attachmentStep":false,"hasContent":false,"attachmentsCount":0,"shouldDisplayMessage":false}],"attachments":[],"parameters":[],"stepsCount":4,"attachmentStep":false,"hasContent":true,"attachmentsCount":0,"shouldDisplayMessage":false}],"testStage":{"description":"Verify login page.","status":"skipped","statusMessage":"Test failed with multiple assertion errors. Check logs for details. [Assertion Failed: Step 3: Email field is not displayed., Assertion Failed: Step 5: Remember Me Checkbox field is not displayed.]","statusTrace":"java.lang.AssertionError: Test failed with multiple assertion errors. Check logs for details. [Assertion Failed: Step 3: Email field is not displayed., Assertion Failed: Step 5: Remember Me Checkbox field is not displayed.]\r\n\tat org.sentinel.tests.utils.testng.AssertLog.assertAllWithLog(AssertLog.java:227)\r\n\tat org.sentinel.tests.ui.spreecom.LoginTest.T0101(LoginTest.java:99)\r\n\tat java.base/jdk.internal.reflect.NativeMethodAccessorImpl.invoke0(Native Method)\r\n\tat java.base/jdk.internal.reflect.NativeMethodAccessorImpl.invoke(NativeMethodAccessorImpl.java:77)\r\n\tat java.base/jdk.internal.reflect.DelegatingMethodAccessorImpl.invoke(DelegatingMethodAccessorImpl.java:43)\r\n\tat java.base/java.lang.reflect.Method.invoke(Method.java:569)\r\n\tat org.testng.internal.invokers.MethodInvocationHelper.invokeMethod(MethodInvocationHelper.java:141)\r\n\tat org.testng.internal.invokers.TestInvoker.invokeMethod(TestInvoker.java:686)\r\n\tat org.testng.internal.invokers.TestInvoker.invokeTestMethod(TestInvoker.java:230)\r\n\tat org.testng.internal.invokers.MethodRunner.runInSequence(MethodRunner.java:63)\r\n\tat org.testng.internal.invokers.TestInvoker$MethodInvocationAgent.invoke(TestInvoker.java:992)\r\n\tat org.testng.internal.invokers.TestInvoker.invokeTestMethods(TestInvoker.java:203)\r\n\tat org.testng.internal.invokers.TestMethodWorker.invokeTestMethods(TestMethodWorker.java:154)\r\n\tat org.testng.internal.invokers.TestMethodWorker.run(TestMethodWorker.java:134)\r\n\tat java.base/java.util.ArrayList.forEach(ArrayList.java:1511)\r\n\tat org.testng.TestRunner.privateRun(TestRunner.java:739)\r\n\tat org.testng.TestRunner.run(TestRunner.java:614)\r\n\tat org.testng.SuiteRunner.runTest(SuiteRunner.java:421)\r\n\tat org.testng.SuiteRunner.runSequentially(SuiteRunner.java:413)\r\n\tat org.testng.SuiteRunner.privateRun(SuiteRunner.java:373)\r\n\tat org.testng.SuiteRunner.run(SuiteRunner.java:312)\r\n\tat org.testng.SuiteRunnerWorker.runSuite(SuiteRunnerWorker.java:52)\r\n\tat org.testng.SuiteRunnerWorker.run(SuiteRunnerWorker.java:95)\r\n\tat org.testng.TestNG.runSuitesSequentially(TestNG.java:1274)\r\n\tat org.testng.TestNG.runSuitesLocally(TestNG.java:1208)\r\n\tat org.testng.TestNG.runSuites(TestNG.java:1112)\r\n\tat org.testng.TestNG.run(TestNG.java:1079)\r\n\tat org.apache.maven.surefire.testng.TestNGExecutor.run(TestNGExecutor.java:284)\r\n\tat org.apache.maven.surefire.testng.TestNGXmlTestSuite.execute(TestNGXmlTestSuite.java:75)\r\n\tat org.apache.maven.surefire.testng.TestNGProvider.invoke(TestNGProvider.java:119)\r\n\tat org.apache.maven.surefire.booter.ForkedBooter.runSuitesInProcess(ForkedBooter.java:428)\r\n\tat org.apache.maven.surefire.booter.ForkedBooter.execute(ForkedBooter.java:162)\r\n\tat org.apache.maven.surefire.booter.ForkedBooter.run(ForkedBooter.java:562)\r\n\tat org.apache.maven.surefire.booter.ForkedBooter.main(ForkedBooter.java:548)\r\n","steps":[{"name":"********** Test Started.....**********","time":{"start":1745483889834,"stop":1745483889834,"duration":0},"status":"passed","steps":[],"attachments":[],"parameters":[],"stepsCount":0,"attachmentStep":false,"hasContent":false,"attachmentsCount":0,"shouldDisplayMessage":false},{"name":"Test Case : T0101 Description :Verify login page.","time":{"start":1745483889834,"stop":1745483889834,"duration":0},"status":"passed","steps":[],"attachments":[],"parameters":[],"stepsCount":0,"attachmentStep":false,"hasContent":false,"attachmentsCount":0,"shouldDisplayMessage":false},{"name":"Step 1: Started.....","time":{"start":1745483890844,"stop":1745483890844,"duration":0},"status":"passed","steps":[],"attachments":[],"parameters":[],"stepsCount":0,"attachmentStep":false,"hasContent":false,"attachmentsCount":0,"shouldDisplayMessage":false},{"name":"Looking account button.","time":{"start":1745483890844,"stop":1745483890844,"duration":0},"status":"passed","steps":[],"attachments":[],"parameters":[],"stepsCount":0,"attachmentStep":false,"hasContent":false,"attachmentsCount":0,"shouldDisplayMessage":false},{"name":"Step 1: Account button is displayed.","time":{"start":1745483891019,"stop":1745483891019,"duration":0},"status":"passed","steps":[],"attachments":[],"parameters":[],"stepsCount":0,"attachmentStep":false,"hasContent":false,"attachmentsCount":0,"shouldDisplayMessage":false},{"name":"Clicking on account button.","time":{"start":1745483891019,"stop":1745483891019,"duration":0},"status":"passed","steps":[],"attachments":[],"parameters":[],"stepsCount":0,"attachmentStep":false,"hasContent":false,"attachmentsCount":0,"shouldDisplayMessage":false},{"name":"Step 2: Started.....","time":{"start":1745483891441,"stop":1745483891441,"duration":0},"status":"passed","steps":[],"attachments":[],"parameters":[],"stepsCount":0,"attachmentStep":false,"hasContent":false,"attachmentsCount":0,"shouldDisplayMessage":false},{"name":"Getting login page header.","time":{"start":1745483891441,"stop":1745483891441,"duration":0},"status":"passed","steps":[],"attachments":[],"parameters":[],"stepsCount":0,"attachmentStep":false,"hasContent":false,"attachmentsCount":0,"shouldDisplayMessage":false},{"name":"Actual page header is: Login","time":{"start":1745483892272,"stop":1745483892272,"duration":0},"status":"passed","steps":[],"attachments":[],"parameters":[],"stepsCount":0,"attachmentStep":false,"hasContent":false,"attachmentsCount":0,"shouldDisplayMessage":false},{"name":"Step 2: Account page header matched.","time":{"start":1745483892272,"stop":1745483892272,"duration":0},"status":"passed","steps":[],"attachments":[],"parameters":[],"stepsCount":0,"attachmentStep":false,"hasContent":false,"attachmentsCount":0,"shouldDisplayMessage":false},{"name":"Step 3: Started.....","time":{"start":1745483892272,"stop":1745483892272,"duration":0},"status":"passed","steps":[],"attachments":[],"parameters":[],"stepsCount":0,"attachmentStep":false,"hasContent":false,"attachmentsCount":0,"shouldDisplayMessage":false},{"name":"Looking email field.","time":{"start":1745483892272,"stop":1745483892272,"duration":0},"status":"passed","steps":[],"attachments":[],"parameters":[],"stepsCount":0,"attachmentStep":false,"hasContent":false,"attachmentsCount":0,"shouldDisplayMessage":false},{"name":"Step 3: Email field is not displayed.","time":{"start":1745483892473,"stop":1745483892473,"duration":0},"status":"failed","steps":[],"attachments":[],"parameters":[],"stepsCount":0,"attachmentStep":false,"hasContent":false,"attachmentsCount":0,"shouldDisplayMessage":false},{"name":"Step 4: Started.....","time":{"start":1745483893213,"stop":1745483893213,"duration":0},"status":"passed","steps":[],"attachments":[],"parameters":[],"stepsCount":0,"attachmentStep":false,"hasContent":false,"attachmentsCount":0,"shouldDisplayMessage":false},{"name":"Looking for password field.","time":{"start":1745483893213,"stop":1745483893213,"duration":0},"status":"passed","steps":[],"attachments":[],"parameters":[],"stepsCount":0,"attachmentStep":false,"hasContent":false,"attachmentsCount":0,"shouldDisplayMessage":false},{"name":"Step 4: Password field is displayed.","time":{"start":1745483893388,"stop":1745483893388,"duration":0},"status":"passed","steps":[],"attachments":[],"parameters":[],"stepsCount":0,"attachmentStep":false,"hasContent":false,"attachmentsCount":0,"shouldDisplayMessage":false},{"name":"Step 5: Started.....","time":{"start":1745483893388,"stop":1745483893388,"duration":0},"status":"passed","steps":[],"attachments":[],"parameters":[],"stepsCount":0,"attachmentStep":false,"hasContent":false,"attachmentsCount":0,"shouldDisplayMessage":false},{"name":"Looking for Remember Me Checkbox.","time":{"start":1745483893388,"stop":1745483893388,"duration":0},"status":"passed","steps":[],"attachments":[],"parameters":[],"stepsCount":0,"attachmentStep":false,"hasContent":false,"attachmentsCount":0,"shouldDisplayMessage":false},{"name":"Step 5: Remember Me Checkbox field is not displayed.","time":{"start":1745483893546,"stop":1745483893546,"duration":0},"status":"failed","steps":[],"attachments":[],"parameters":[],"stepsCount":0,"attachmentStep":false,"hasContent":false,"attachmentsCount":0,"shouldDisplayMessage":false},{"name":"Step 6: Started.....","time":{"start":1745483894088,"stop":1745483894088,"duration":0},"status":"passed","steps":[],"attachments":[],"parameters":[],"stepsCount":0,"attachmentStep":false,"hasContent":false,"attachmentsCount":0,"shouldDisplayMessage":false},{"name":"Looking for Forgot password.","time":{"start":1745483894088,"stop":1745483894088,"duration":0},"status":"passed","steps":[],"attachments":[],"parameters":[],"stepsCount":0,"attachmentStep":false,"hasContent":false,"attachmentsCount":0,"shouldDisplayMessage":false},{"name":"Step 6: Forgot Password Link is displayed.","time":{"start":1745483894287,"stop":1745483894287,"duration":0},"status":"passed","steps":[],"attachments":[],"parameters":[],"stepsCount":0,"attachmentStep":false,"hasContent":false,"attachmentsCount":0,"shouldDisplayMessage":false},{"name":"Step 7: Started.....","time":{"start":1745483894287,"stop":1745483894287,"duration":0},"status":"passed","steps":[],"attachments":[],"parameters":[],"stepsCount":0,"attachmentStep":false,"hasContent":false,"attachmentsCount":0,"shouldDisplayMessage":false},{"name":"Looking for Sign Up.","time":{"start":1745483894287,"stop":1745483894287,"duration":0},"status":"passed","steps":[],"attachments":[],"parameters":[],"stepsCount":0,"attachmentStep":false,"hasContent":false,"attachmentsCount":0,"shouldDisplayMessage":false},{"name":"Step 7: Sign Up Link is displayed.","time":{"start":1745483894467,"stop":1745483894467,"duration":0},"status":"passed","steps":[],"attachments":[],"parameters":[],"stepsCount":0,"attachmentStep":false,"hasContent":false,"attachmentsCount":0,"shouldDisplayMessage":false},{"name":"Test failed with 2 assertion errors.","time":{"start":1745483894467,"stop":1745483894467,"duration":0},"status":"failed","steps":[],"attachments":[],"parameters":[],"stepsCount":0,"attachmentStep":false,"hasContent":false,"attachmentsCount":0,"shouldDisplayMessage":false},{"name":"Check [SEVERE] log.","time":{"start":1745483894467,"stop":1745483894467,"duration":0},"status":"failed","steps":[],"attachments":[],"parameters":[],"stepsCount":0,"attachmentStep":false,"hasContent":false,"attachmentsCount":0,"shouldDisplayMessage":false},{"name":"Assertion Failed: Step 3: Email field is not displayed.","time":{"start":1745483894467,"stop":1745483894467,"duration":0},"status":"failed","steps":[],"attachments":[],"parameters":[],"stepsCount":0,"attachmentStep":false,"hasContent":false,"attachmentsCount":0,"shouldDisplayMessage":false},{"name":"Assertion Failed: Step 5: Remember Me Checkbox field is not displayed.","time":{"start":1745483894467,"stop":1745483894467,"duration":0},"status":"failed","steps":[],"attachments":[],"parameters":[],"stepsCount":0,"attachmentStep":false,"hasContent":false,"attachmentsCount":0,"shouldDisplayMessage":false},{"name":"Retrying T0101 (1/1)","time":{"start":1745483894483,"stop":1745483894483,"duration":0},"status":"passed","steps":[],"attachments":[],"parameters":[],"stepsCount":0,"attachmentStep":false,"hasContent":false,"attachmentsCount":0,"shouldDisplayMessage":false},{"name":"Package Name: org.sentinel.tests.ui.spreecom","time":{"start":1745483894483,"stop":1745483894483,"duration":0},"status":"passed","steps":[],"attachments":[],"parameters":[],"stepsCount":0,"attachmentStep":false,"hasContent":false,"attachmentsCount":0,"shouldDisplayMessage":false},{"name":"Test Result Added: {Status=Skip, Package=org.sentinel.tests.ui.spreecom, Method=T0101, Remark=Test was skipped}","time":{"start":1745483894483,"stop":1745483894483,"duration":0},"status":"passed","steps":[],"attachments":[],"parameters":[],"stepsCount":0,"attachmentStep":false,"hasContent":false,"attachmentsCount":0,"shouldDisplayMessage":false}],"attachments":[{"uid":"9e51dbdfa92ecff4","name":"Step 3: Email field is not displayed.","source":"9e51dbdfa92ecff4.png","type":"image/png","size":227404},{"uid":"ce2a3ee6fbec06c5","name":"Step 5: Remember Me Checkbox field is not displayed.","source":"ce2a3ee6fbec06c5.png","type":"image/png","size":227404}],"parameters":[],"stepsCount":32,"attachmentStep":false,"hasContent":true,"attachmentsCount":2,"shouldDisplayMessage":true},"afterStages":[{"name":"tearDown","time":{"start":1745483894498,"stop":1745483925572,"duration":31074},"description":"","status":"passed","steps":[{"name":"Thread 1 - WebDriver Closed.","time":{"start":1745483894657,"stop":1745483894657,"duration":0},"status":"passed","steps":[],"attachments":[],"parameters":[],"stepsCount":0,"attachmentStep":false,"hasContent":false,"attachmentsCount":0,"shouldDisplayMessage":false},{"name":"Current Session Id is: ec9a27c3a84db8967822a73ed24b582b","time":{"start":1745483894657,"stop":1745483894657,"duration":0},"status":"broken","steps":[],"attachments":[],"parameters":[],"stepsCount":0,"attachmentStep":false,"hasContent":false,"attachmentsCount":0,"shouldDisplayMessage":false},{"name":"Saving video to: D:\\a\\sentinel-tests\\sentinel-tests/reports/video/Video_20250424_083844.mp4","time":{"start":1745483924760,"stop":1745483924760,"duration":0},"status":"passed","steps":[],"attachments":[],"parameters":[],"stepsCount":0,"attachmentStep":false,"hasContent":false,"attachmentsCount":0,"shouldDisplayMessage":false},{"name":"Video downloaded successfully.D:\\a\\sentinel-tests\\sentinel-tests/reports/video/Video_20250424_083844.mp4","time":{"start":1745483925572,"stop":1745483925572,"duration":0},"status":"passed","steps":[],"attachments":[],"parameters":[],"stepsCount":0,"attachmentStep":false,"hasContent":false,"attachmentsCount":0,"shouldDisplayMessage":false}],"attachments":[{"uid":"6ee946de361c4308","name":"Test Execution Video","source":"6ee946de361c4308.qt","type":"video/mp4","size":49986}],"parameters":[],"stepsCount":4,"attachmentStep":false,"hasContent":true,"attachmentsCount":1,"shouldDisplayMessage":false},{"name":"closeBrowser","time":{"start":1745483966874,"stop":1745483966874,"duration":0},"description":"","status":"passed","steps":[{"name":"This is a After class.","time":{"start":1745483966874,"stop":1745483966874,"duration":0},"status":"passed","steps":[],"attachments":[],"parameters":[],"stepsCount":0,"attachmentStep":false,"hasContent":false,"attachmentsCount":0,"shouldDisplayMessage":false}],"attachments":[],"parameters":[],"stepsCount":1,"attachmentStep":false,"hasContent":true,"attachmentsCount":0,"shouldDisplayMessage":false}],"labels":[{"name":"package","value":"org.sentinel.tests.ui.spreecom.LoginTest"},{"name":"testClass","value":"org.sentinel.tests.ui.spreecom.LoginTest"},{"name":"testMethod","value":"T0101"},{"name":"parentSuite","value":"sentinel-tests"},{"name":"suite","value":"all-api-ui-tests"},{"name":"subSuite","value":"org.sentinel.tests.ui.spreecom.LoginTest"},{"name":"host","value":"fv-az901-324"},{"name":"thread","value":"5224@fv-az901-324.main(1)"},{"name":"framework","value":"testng"},{"name":"language","value":"java"},{"name":"epic","value":"Epic 102"},{"name":"feature","value":"Login"},{"name":"severity","value":"minor"},{"name":"resultFormat","value":"allure2"}],"parameters":[{"name":"appURL","value":"https://demo.spreecommerce.org/"},{"name":"baseURI","value":"https://restful-booker.herokuapp.com/"},{"name":"browserName","value":"Chrome"},{"name":"lt_URL","value":"https://%s:%s@hub.lambdatest.com/wd/hub"},{"name":"maxRetryCount","value":"1"},{"name":"platform","value":"Windows 10"},{"name":"run_on","value":"remote"},{"name":"takeSnapOnFailure","value":"true"},{"name":"version","value":"latest"}],"links":[{"name":"https://www.lambdatest.com/","type":"custom"}],"hidden":true,"retry":true,"extra":{"categories":[],"tags":[]},"source":"c311d5c6012e9374.json","parameterValues":["https://demo.spreecommerce.org/","https://restful-booker.herokuapp.com/","Chrome","https://%s:%s@hub.lambdatest.com/wd/hub","1","Windows 10","remote","true","latest"]}