{"uid":"c3beefe3754fc4ae","name":"T0101","fullName":"org.sentinel.tests.ui.spreecom.LoginTest.T0101","historyId":"cce06540b908c2ddfcb92e5a6799a178","time":{"start":1745495313658,"stop":1745495319914,"duration":6256},"description":"Verify login page.","descriptionHtml":"<p>Verify login page.</p>\n","status":"failed","statusMessage":"Test failed with multiple assertion errors. Check logs for details. [Assertion Failed: Step 3: Email field is not displayed., Assertion Failed: Step 5: Remember Me Checkbox field is not displayed.]","statusTrace":"java.lang.AssertionError: Test failed with multiple assertion errors. Check logs for details. [Assertion Failed: Step 3: Email field is not displayed., Assertion Failed: Step 5: Remember Me Checkbox field is not displayed.]\r\n\tat org.sentinel.tests.utils.testng.AssertLog.assertAllWithLog(AssertLog.java:227)\r\n\tat org.sentinel.tests.ui.spreecom.LoginTest.T0101(LoginTest.java:99)\r\n\tat java.base/jdk.internal.reflect.NativeMethodAccessorImpl.invoke0(Native Method)\r\n\tat java.base/jdk.internal.reflect.NativeMethodAccessorImpl.invoke(NativeMethodAccessorImpl.java:77)\r\n\tat java.base/jdk.internal.reflect.DelegatingMethodAccessorImpl.invoke(DelegatingMethodAccessorImpl.java:43)\r\n\tat java.base/java.lang.reflect.Method.invoke(Method.java:569)\r\n\tat org.testng.internal.invokers.MethodInvocationHelper.invokeMethod(MethodInvocationHelper.java:141)\r\n\tat org.testng.internal.invokers.TestInvoker.invokeMethod(TestInvoker.java:686)\r\n\tat org.testng.internal.invokers.TestInvoker.retryFailed(TestInvoker.java:269)\r\n\tat org.testng.internal.invokers.MethodRunner.runInSequence(MethodRunner.java:76)\r\n\tat org.testng.internal.invokers.TestInvoker$MethodInvocationAgent.invoke(TestInvoker.java:992)\r\n\tat org.testng.internal.invokers.TestInvoker.invokeTestMethods(TestInvoker.java:203)\r\n\tat org.testng.internal.invokers.TestMethodWorker.invokeTestMethods(TestMethodWorker.java:154)\r\n\tat org.testng.internal.invokers.TestMethodWorker.run(TestMethodWorker.java:134)\r\n\tat java.base/java.util.ArrayList.forEach(ArrayList.java:1511)\r\n\tat org.testng.TestRunner.privateRun(TestRunner.java:739)\r\n\tat org.testng.TestRunner.run(TestRunner.java:614)\r\n\tat org.testng.SuiteRunner.runTest(SuiteRunner.java:421)\r\n\tat org.testng.SuiteRunner.runSequentially(SuiteRunner.java:413)\r\n\tat org.testng.SuiteRunner.privateRun(SuiteRunner.java:373)\r\n\tat org.testng.SuiteRunner.run(SuiteRunner.java:312)\r\n\tat org.testng.SuiteRunnerWorker.runSuite(SuiteRunnerWorker.java:52)\r\n\tat org.testng.SuiteRunnerWorker.run(SuiteRunnerWorker.java:95)\r\n\tat org.testng.TestNG.runSuitesSequentially(TestNG.java:1274)\r\n\tat org.testng.TestNG.runSuitesLocally(TestNG.java:1208)\r\n\tat org.testng.TestNG.runSuites(TestNG.java:1112)\r\n\tat org.testng.TestNG.run(TestNG.java:1079)\r\n\tat org.apache.maven.surefire.testng.TestNGExecutor.run(TestNGExecutor.java:284)\r\n\tat org.apache.maven.surefire.testng.TestNGXmlTestSuite.execute(TestNGXmlTestSuite.java:75)\r\n\tat org.apache.maven.surefire.testng.TestNGProvider.invoke(TestNGProvider.java:119)\r\n\tat org.apache.maven.surefire.booter.ForkedBooter.runSuitesInProcess(ForkedBooter.java:428)\r\n\tat org.apache.maven.surefire.booter.ForkedBooter.execute(ForkedBooter.java:162)\r\n\tat org.apache.maven.surefire.booter.ForkedBooter.run(ForkedBooter.java:562)\r\n\tat org.apache.maven.surefire.booter.ForkedBooter.main(ForkedBooter.java:548)\r\n","flaky":false,"newFailed":false,"newBroken":false,"newPassed":false,"retriesCount":1,"retriesStatusChange":true,"beforeStages":[{"name":"setUpEnv","time":{"start":1745495217968,"stop":1745495217968,"duration":0},"description":"","status":"passed","steps":[{"name":"Parameter Loading.....","time":{"start":1745495217968,"stop":1745495217968,"duration":0},"status":"passed","steps":[],"attachments":[],"parameters":[],"shouldDisplayMessage":false,"attachmentsCount":0,"stepsCount":0,"hasContent":false,"attachmentStep":false},{"name":"Parameter Completed.....","time":{"start":1745495217968,"stop":1745495217968,"duration":0},"status":"passed","steps":[],"attachments":[],"parameters":[],"shouldDisplayMessage":false,"attachmentsCount":0,"stepsCount":0,"hasContent":false,"attachmentStep":false}],"attachments":[],"parameters":[],"shouldDisplayMessage":false,"attachmentsCount":0,"stepsCount":2,"hasContent":true,"attachmentStep":false},{"name":"tearUp","time":{"start":1745495307421,"stop":1745495313642,"duration":6221},"description":"","status":"passed","steps":[{"name":"Doing setup for remote runs.","time":{"start":1745495307421,"stop":1745495307421,"duration":0},"status":"passed","steps":[],"attachments":[],"parameters":[],"shouldDisplayMessage":false,"attachmentsCount":0,"stepsCount":0,"hasContent":false,"attachmentStep":false},{"name":"Launching Remote Instance.","time":{"start":1745495307421,"stop":1745495307421,"duration":0},"status":"passed","steps":[],"attachments":[],"parameters":[],"shouldDisplayMessage":false,"attachmentsCount":0,"stepsCount":0,"hasContent":false,"attachmentStep":false},{"name":"Remote browser opening with : %sCapabilities {browserName: Chrome, build: Build-develop-58-1464077223..., name: T0101, platform: Windows 10, version: latest}","time":{"start":1745495307421,"stop":1745495307421,"duration":0},"status":"passed","steps":[],"attachments":[],"parameters":[],"shouldDisplayMessage":false,"attachmentsCount":0,"stepsCount":0,"hasContent":false,"attachmentStep":false},{"name":"Session Id: 917cb29bd58c6d9b13eb9fe158431a02","time":{"start":1745495313317,"stop":1745495313317,"duration":0},"status":"passed","steps":[],"attachments":[],"parameters":[],"shouldDisplayMessage":false,"attachmentsCount":0,"stepsCount":0,"hasContent":false,"attachmentStep":false}],"attachments":[],"parameters":[],"shouldDisplayMessage":false,"attachmentsCount":0,"stepsCount":4,"hasContent":true,"attachmentStep":false}],"testStage":{"description":"Verify login page.","status":"failed","statusMessage":"Test failed with multiple assertion errors. Check logs for details. [Assertion Failed: Step 3: Email field is not displayed., Assertion Failed: Step 5: Remember Me Checkbox field is not displayed.]","statusTrace":"java.lang.AssertionError: Test failed with multiple assertion errors. Check logs for details. [Assertion Failed: Step 3: Email field is not displayed., Assertion Failed: Step 5: Remember Me Checkbox field is not displayed.]\r\n\tat org.sentinel.tests.utils.testng.AssertLog.assertAllWithLog(AssertLog.java:227)\r\n\tat org.sentinel.tests.ui.spreecom.LoginTest.T0101(LoginTest.java:99)\r\n\tat java.base/jdk.internal.reflect.NativeMethodAccessorImpl.invoke0(Native Method)\r\n\tat java.base/jdk.internal.reflect.NativeMethodAccessorImpl.invoke(NativeMethodAccessorImpl.java:77)\r\n\tat java.base/jdk.internal.reflect.DelegatingMethodAccessorImpl.invoke(DelegatingMethodAccessorImpl.java:43)\r\n\tat java.base/java.lang.reflect.Method.invoke(Method.java:569)\r\n\tat org.testng.internal.invokers.MethodInvocationHelper.invokeMethod(MethodInvocationHelper.java:141)\r\n\tat org.testng.internal.invokers.TestInvoker.invokeMethod(TestInvoker.java:686)\r\n\tat org.testng.internal.invokers.TestInvoker.retryFailed(TestInvoker.java:269)\r\n\tat org.testng.internal.invokers.MethodRunner.runInSequence(MethodRunner.java:76)\r\n\tat org.testng.internal.invokers.TestInvoker$MethodInvocationAgent.invoke(TestInvoker.java:992)\r\n\tat org.testng.internal.invokers.TestInvoker.invokeTestMethods(TestInvoker.java:203)\r\n\tat org.testng.internal.invokers.TestMethodWorker.invokeTestMethods(TestMethodWorker.java:154)\r\n\tat org.testng.internal.invokers.TestMethodWorker.run(TestMethodWorker.java:134)\r\n\tat java.base/java.util.ArrayList.forEach(ArrayList.java:1511)\r\n\tat org.testng.TestRunner.privateRun(TestRunner.java:739)\r\n\tat org.testng.TestRunner.run(TestRunner.java:614)\r\n\tat org.testng.SuiteRunner.runTest(SuiteRunner.java:421)\r\n\tat org.testng.SuiteRunner.runSequentially(SuiteRunner.java:413)\r\n\tat org.testng.SuiteRunner.privateRun(SuiteRunner.java:373)\r\n\tat org.testng.SuiteRunner.run(SuiteRunner.java:312)\r\n\tat org.testng.SuiteRunnerWorker.runSuite(SuiteRunnerWorker.java:52)\r\n\tat org.testng.SuiteRunnerWorker.run(SuiteRunnerWorker.java:95)\r\n\tat org.testng.TestNG.runSuitesSequentially(TestNG.java:1274)\r\n\tat org.testng.TestNG.runSuitesLocally(TestNG.java:1208)\r\n\tat org.testng.TestNG.runSuites(TestNG.java:1112)\r\n\tat org.testng.TestNG.run(TestNG.java:1079)\r\n\tat org.apache.maven.surefire.testng.TestNGExecutor.run(TestNGExecutor.java:284)\r\n\tat org.apache.maven.surefire.testng.TestNGXmlTestSuite.execute(TestNGXmlTestSuite.java:75)\r\n\tat org.apache.maven.surefire.testng.TestNGProvider.invoke(TestNGProvider.java:119)\r\n\tat org.apache.maven.surefire.booter.ForkedBooter.runSuitesInProcess(ForkedBooter.java:428)\r\n\tat org.apache.maven.surefire.booter.ForkedBooter.execute(ForkedBooter.java:162)\r\n\tat org.apache.maven.surefire.booter.ForkedBooter.run(ForkedBooter.java:562)\r\n\tat org.apache.maven.surefire.booter.ForkedBooter.main(ForkedBooter.java:548)\r\n","steps":[{"name":"********** Test Started.....**********","time":{"start":1745495313658,"stop":1745495313658,"duration":0},"status":"passed","steps":[],"attachments":[],"parameters":[],"shouldDisplayMessage":false,"attachmentsCount":0,"stepsCount":0,"hasContent":false,"attachmentStep":false},{"name":"Test Case : T0101 Description :Verify login page.","time":{"start":1745495313658,"stop":1745495313658,"duration":0},"status":"passed","steps":[],"attachments":[],"parameters":[],"shouldDisplayMessage":false,"attachmentsCount":0,"stepsCount":0,"hasContent":false,"attachmentStep":false},{"name":"Step 1: Started.....","time":{"start":1745495314616,"stop":1745495314616,"duration":0},"status":"passed","steps":[],"attachments":[],"parameters":[],"shouldDisplayMessage":false,"attachmentsCount":0,"stepsCount":0,"hasContent":false,"attachmentStep":false},{"name":"Looking account button.","time":{"start":1745495314616,"stop":1745495314616,"duration":0},"status":"passed","steps":[],"attachments":[],"parameters":[],"shouldDisplayMessage":false,"attachmentsCount":0,"stepsCount":0,"hasContent":false,"attachmentStep":false},{"name":"Step 1: Account button is displayed.","time":{"start":1745495315121,"stop":1745495315121,"duration":0},"status":"passed","steps":[],"attachments":[],"parameters":[],"shouldDisplayMessage":false,"attachmentsCount":0,"stepsCount":0,"hasContent":false,"attachmentStep":false},{"name":"Clicking on account button.","time":{"start":1745495315121,"stop":1745495315121,"duration":0},"status":"passed","steps":[],"attachments":[],"parameters":[],"shouldDisplayMessage":false,"attachmentsCount":0,"stepsCount":0,"hasContent":false,"attachmentStep":false},{"name":"Step 2: Started.....","time":{"start":1745495315442,"stop":1745495315442,"duration":0},"status":"passed","steps":[],"attachments":[],"parameters":[],"shouldDisplayMessage":false,"attachmentsCount":0,"stepsCount":0,"hasContent":false,"attachmentStep":false},{"name":"Getting login page header.","time":{"start":1745495315442,"stop":1745495315442,"duration":0},"status":"passed","steps":[],"attachments":[],"parameters":[],"shouldDisplayMessage":false,"attachmentsCount":0,"stepsCount":0,"hasContent":false,"attachmentStep":false},{"name":"Actual page header is: Login","time":{"start":1745495316041,"stop":1745495316041,"duration":0},"status":"passed","steps":[],"attachments":[],"parameters":[],"shouldDisplayMessage":false,"attachmentsCount":0,"stepsCount":0,"hasContent":false,"attachmentStep":false},{"name":"Step 2: Account page header matched.","time":{"start":1745495316041,"stop":1745495316041,"duration":0},"status":"passed","steps":[],"attachments":[],"parameters":[],"shouldDisplayMessage":false,"attachmentsCount":0,"stepsCount":0,"hasContent":false,"attachmentStep":false},{"name":"Step 3: Started.....","time":{"start":1745495316041,"stop":1745495316041,"duration":0},"status":"passed","steps":[],"attachments":[],"parameters":[],"shouldDisplayMessage":false,"attachmentsCount":0,"stepsCount":0,"hasContent":false,"attachmentStep":false},{"name":"Looking email field.","time":{"start":1745495316041,"stop":1745495316041,"duration":0},"status":"passed","steps":[],"attachments":[],"parameters":[],"shouldDisplayMessage":false,"attachmentsCount":0,"stepsCount":0,"hasContent":false,"attachmentStep":false},{"name":"Step 3: Email field is not displayed.","time":{"start":1745495316379,"stop":1745495316379,"duration":0},"status":"failed","steps":[],"attachments":[],"parameters":[],"shouldDisplayMessage":false,"attachmentsCount":0,"stepsCount":0,"hasContent":false,"attachmentStep":false},{"name":"Step 4: Started.....","time":{"start":1745495317092,"stop":1745495317092,"duration":0},"status":"passed","steps":[],"attachments":[],"parameters":[],"shouldDisplayMessage":false,"attachmentsCount":0,"stepsCount":0,"hasContent":false,"attachmentStep":false},{"name":"Looking for password field.","time":{"start":1745495317092,"stop":1745495317092,"duration":0},"status":"passed","steps":[],"attachments":[],"parameters":[],"shouldDisplayMessage":false,"attachmentsCount":0,"stepsCount":0,"hasContent":false,"attachmentStep":false},{"name":"Step 4: Password field is displayed.","time":{"start":1745495317414,"stop":1745495317414,"duration":0},"status":"passed","steps":[],"attachments":[],"parameters":[],"shouldDisplayMessage":false,"attachmentsCount":0,"stepsCount":0,"hasContent":false,"attachmentStep":false},{"name":"Step 5: Started.....","time":{"start":1745495317414,"stop":1745495317414,"duration":0},"status":"passed","steps":[],"attachments":[],"parameters":[],"shouldDisplayMessage":false,"attachmentsCount":0,"stepsCount":0,"hasContent":false,"attachmentStep":false},{"name":"Looking for Remember Me Checkbox.","time":{"start":1745495317414,"stop":1745495317414,"duration":0},"status":"passed","steps":[],"attachments":[],"parameters":[],"shouldDisplayMessage":false,"attachmentsCount":0,"stepsCount":0,"hasContent":false,"attachmentStep":false},{"name":"Step 5: Remember Me Checkbox field is not displayed.","time":{"start":1745495317747,"stop":1745495317747,"duration":0},"status":"failed","steps":[],"attachments":[],"parameters":[],"shouldDisplayMessage":false,"attachmentsCount":0,"stepsCount":0,"hasContent":false,"attachmentStep":false},{"name":"Step 6: Started.....","time":{"start":1745495318521,"stop":1745495318521,"duration":0},"status":"passed","steps":[],"attachments":[],"parameters":[],"shouldDisplayMessage":false,"attachmentsCount":0,"stepsCount":0,"hasContent":false,"attachmentStep":false},{"name":"Looking for Forgot password.","time":{"start":1745495318521,"stop":1745495318521,"duration":0},"status":"passed","steps":[],"attachments":[],"parameters":[],"shouldDisplayMessage":false,"attachmentsCount":0,"stepsCount":0,"hasContent":false,"attachmentStep":false},{"name":"Step 6: Forgot Password Link is displayed.","time":{"start":1745495318883,"stop":1745495318883,"duration":0},"status":"passed","steps":[],"attachments":[],"parameters":[],"shouldDisplayMessage":false,"attachmentsCount":0,"stepsCount":0,"hasContent":false,"attachmentStep":false},{"name":"Step 7: Started.....","time":{"start":1745495318883,"stop":1745495318883,"duration":0},"status":"passed","steps":[],"attachments":[],"parameters":[],"shouldDisplayMessage":false,"attachmentsCount":0,"stepsCount":0,"hasContent":false,"attachmentStep":false},{"name":"Looking for Sign Up.","time":{"start":1745495318883,"stop":1745495318883,"duration":0},"status":"passed","steps":[],"attachments":[],"parameters":[],"shouldDisplayMessage":false,"attachmentsCount":0,"stepsCount":0,"hasContent":false,"attachmentStep":false},{"name":"Step 7: Sign Up Link is displayed.","time":{"start":1745495319204,"stop":1745495319204,"duration":0},"status":"passed","steps":[],"attachments":[],"parameters":[],"shouldDisplayMessage":false,"attachmentsCount":0,"stepsCount":0,"hasContent":false,"attachmentStep":false},{"name":"Test failed with 2 assertion errors.","time":{"start":1745495319204,"stop":1745495319204,"duration":0},"status":"failed","steps":[],"attachments":[],"parameters":[],"shouldDisplayMessage":false,"attachmentsCount":0,"stepsCount":0,"hasContent":false,"attachmentStep":false},{"name":"Check [SEVERE] log.","time":{"start":1745495319204,"stop":1745495319204,"duration":0},"status":"failed","steps":[],"attachments":[],"parameters":[],"shouldDisplayMessage":false,"attachmentsCount":0,"stepsCount":0,"hasContent":false,"attachmentStep":false},{"name":"Assertion Failed: Step 3: Email field is not displayed.","time":{"start":1745495319204,"stop":1745495319204,"duration":0},"status":"failed","steps":[],"attachments":[],"parameters":[],"shouldDisplayMessage":false,"attachmentsCount":0,"stepsCount":0,"hasContent":false,"attachmentStep":false},{"name":"Assertion Failed: Step 5: Remember Me Checkbox field is not displayed.","time":{"start":1745495319204,"stop":1745495319204,"duration":0},"status":"failed","steps":[],"attachments":[],"parameters":[],"shouldDisplayMessage":false,"attachmentsCount":0,"stepsCount":0,"hasContent":false,"attachmentStep":false},{"name":"Screenshot not captured.","time":{"start":1745495319914,"stop":1745495319914,"duration":0},"status":"passed","steps":[],"attachments":[],"parameters":[],"shouldDisplayMessage":false,"attachmentsCount":0,"stepsCount":0,"hasContent":false,"attachmentStep":false},{"name":"Package Name: org.sentinel.tests.ui.spreecom","time":{"start":1745495319914,"stop":1745495319914,"duration":0},"status":"passed","steps":[],"attachments":[],"parameters":[],"shouldDisplayMessage":false,"attachmentsCount":0,"stepsCount":0,"hasContent":false,"attachmentStep":false},{"name":"Test Result Added: {Status=Fail, Package=org.sentinel.tests.ui.spreecom, Method=T0101, Remark=Test failed with multiple assertion errors. Check logs for details. [Assertion Failed: Step 3: Email field is not displayed., Assertion Failed: Step 5: Remember Me Checkbox field is not displayed.]}","time":{"start":1745495319914,"stop":1745495319914,"duration":0},"status":"passed","steps":[],"attachments":[],"parameters":[],"shouldDisplayMessage":false,"attachmentsCount":0,"stepsCount":0,"hasContent":false,"attachmentStep":false},{"name":"********** Test Fail. **********","time":{"start":1745495319914,"stop":1745495319914,"duration":0},"status":"passed","steps":[],"attachments":[],"parameters":[],"shouldDisplayMessage":false,"attachmentsCount":0,"stepsCount":0,"hasContent":false,"attachmentStep":false}],"attachments":[{"uid":"f15590c6a1fbf96d","name":"Step 3: Email field is not displayed.","source":"f15590c6a1fbf96d.png","type":"image/png","size":227384},{"uid":"8a7b56179d438b2a","name":"Step 5: Remember Me Checkbox field is not displayed.","source":"8a7b56179d438b2a.png","type":"image/png","size":227384},{"uid":"ce7a91f38b750397","name":"Screenshot","source":"ce7a91f38b750397.png","type":"image/png","size":227404}],"parameters":[],"shouldDisplayMessage":true,"attachmentsCount":3,"stepsCount":33,"hasContent":true,"attachmentStep":false},"afterStages":[{"name":"tearDown","time":{"start":1745495319930,"stop":1745495351251,"duration":31321},"description":"","status":"passed","steps":[{"name":"Thread 1 - WebDriver Closed.","time":{"start":1745495320104,"stop":1745495320104,"duration":0},"status":"passed","steps":[],"attachments":[],"parameters":[],"shouldDisplayMessage":false,"attachmentsCount":0,"stepsCount":0,"hasContent":false,"attachmentStep":false},{"name":"Current Session Id is: 917cb29bd58c6d9b13eb9fe158431a02","time":{"start":1745495320104,"stop":1745495320104,"duration":0},"status":"broken","steps":[],"attachments":[],"parameters":[],"shouldDisplayMessage":false,"attachmentsCount":0,"stepsCount":0,"hasContent":false,"attachmentStep":false},{"name":"Saving video to: D:\\a\\sentinel-tests\\sentinel-tests/reports/video/Video_20250424_114910.mp4","time":{"start":1745495350259,"stop":1745495350259,"duration":0},"status":"passed","steps":[],"attachments":[],"parameters":[],"shouldDisplayMessage":false,"attachmentsCount":0,"stepsCount":0,"hasContent":false,"attachmentStep":false},{"name":"Video downloaded successfully.D:\\a\\sentinel-tests\\sentinel-tests/reports/video/Video_20250424_114910.mp4","time":{"start":1745495351251,"stop":1745495351251,"duration":0},"status":"passed","steps":[],"attachments":[],"parameters":[],"shouldDisplayMessage":false,"attachmentsCount":0,"stepsCount":0,"hasContent":false,"attachmentStep":false}],"attachments":[{"uid":"f736cbacb5492384","name":"Test Execution Video","source":"f736cbacb5492384.qt","type":"video/mp4","size":51633}],"parameters":[],"shouldDisplayMessage":false,"attachmentsCount":1,"stepsCount":4,"hasContent":true,"attachmentStep":false},{"name":"closeBrowser","time":{"start":1745495351267,"stop":1745495351267,"duration":0},"description":"","status":"passed","steps":[{"name":"This is a After class.","time":{"start":1745495351267,"stop":1745495351267,"duration":0},"status":"passed","steps":[],"attachments":[],"parameters":[],"shouldDisplayMessage":false,"attachmentsCount":0,"stepsCount":0,"hasContent":false,"attachmentStep":false}],"attachments":[],"parameters":[],"shouldDisplayMessage":false,"attachmentsCount":0,"stepsCount":1,"hasContent":true,"attachmentStep":false}],"labels":[{"name":"package","value":"org.sentinel.tests.ui.spreecom.LoginTest"},{"name":"testClass","value":"org.sentinel.tests.ui.spreecom.LoginTest"},{"name":"testMethod","value":"T0101"},{"name":"parentSuite","value":"sentinel-tests"},{"name":"suite","value":"all-api-ui-tests"},{"name":"subSuite","value":"org.sentinel.tests.ui.spreecom.LoginTest"},{"name":"host","value":"fv-az658-927"},{"name":"thread","value":"5908@fv-az658-927.main(1)"},{"name":"framework","value":"testng"},{"name":"language","value":"java"},{"name":"epic","value":"Epic 102"},{"name":"feature","value":"Login"},{"name":"severity","value":"minor"},{"name":"resultFormat","value":"allure2"}],"parameters":[{"name":"appURL","value":"https://demo.spreecommerce.org/"},{"name":"baseURI","value":"https://restful-booker.herokuapp.com/"},{"name":"browserName","value":"Chrome"},{"name":"lt_URL","value":"https://%s:%s@hub.lambdatest.com/wd/hub"},{"name":"maxRetryCount","value":"1"},{"name":"platform","value":"Windows 10"},{"name":"run_on","value":"remote"},{"name":"takeSnapOnFailure","value":"true"},{"name":"version","value":"latest"}],"links":[{"name":"https://www.lambdatest.com/","type":"custom"}],"hidden":false,"retry":false,"extra":{"severity":"minor","retries":[{"uid":"5ec78dbb82aa274c","status":"skipped","statusDetails":"Test failed with multiple assertion errors. Check logs for details. [Assertion Failed: Step 3: Email field is not displayed., Assertion Failed: Step 5: Remember Me Checkbox field is not displayed.]","time":{"start":1745495269708,"stop":1745495276129,"duration":6421}}],"categories":[{"name":"Product defects","matchedStatuses":[]}],"tags":[]},"source":"c3beefe3754fc4ae.json","parameterValues":["https://demo.spreecommerce.org/","https://restful-booker.herokuapp.com/","Chrome","https://%s:%s@hub.lambdatest.com/wd/hub","1","Windows 10","remote","true","latest"]}